<?xml version="1.0" encoding="UTF-8"?>
<robot generator="Robot 3.2.2 (Python 3.7.9 on win32)" generated="20210822 23:31:03.545" rpa="false">
<suite id="s1" name="PotteryBarn Sanity" source="C:\Users\chunter4\PycharmProjects\WSI_Project\UI_Regression\PotteryBarn_Sanity.robot">
<kw name="Set URL And User Credentials" library="Resource" type="setup">
<kw name="Run Keyword If" library="BuiltIn">
<doc>Runs the given keyword with the given arguments, if ``condition`` is true.</doc>
<arguments>
<arg>'${ENVIRONMENT}'=='Production'</arg>
<arg>Set Global Variable</arg>
<arg>${URL}</arg>
<arg>http://www.potterybarn.com</arg>
</arguments>
<kw name="Set Global Variable" library="BuiltIn">
<doc>Makes a variable available globally in all tests and suites.</doc>
<arguments>
<arg>${URL}</arg>
<arg>http://www.potterybarn.com</arg>
</arguments>
<msg timestamp="20210822 23:31:04.803" level="INFO">${URL} = http://www.potterybarn.com</msg>
<status status="PASS" starttime="20210822 23:31:04.802" endtime="20210822 23:31:04.803"></status>
</kw>
<status status="PASS" starttime="20210822 23:31:04.802" endtime="20210822 23:31:04.803"></status>
</kw>
<kw name="Log" library="BuiltIn">
<doc>Logs the given message with the given level.</doc>
<arguments>
<arg>URL to execute against: ${URL}</arg>
<arg>console=yes</arg>
</arguments>
<msg timestamp="20210822 23:31:04.804" level="INFO">URL to execute against: http://www.potterybarn.com</msg>
<status status="PASS" starttime="20210822 23:31:04.803" endtime="20210822 23:31:04.804"></status>
</kw>
<status status="PASS" starttime="20210822 23:31:04.802" endtime="20210822 23:31:04.804"></status>
</kw>
<test id="s1-t1" name="Order Sanity Test">
<kw name="Set Selenium Timeout" library="Selenium2Library" type="setup">
<doc>Sets the timeout that is used by various keywords.</doc>
<arguments>
<arg>${STD_WAIT}</arg>
</arguments>
<status status="PASS" starttime="20210822 23:31:04.805" endtime="20210822 23:31:04.805"></status>
</kw>
<kw name="Create Browser Instance" library="Resource">
<arguments>
<arg>${URL}</arg>
</arguments>
<kw name="Open Browser" library="Selenium2Library">
<doc>Opens a new browser instance to the optional ``url``.</doc>
<arguments>
<arg>${Link}</arg>
<arg>${BROWSER}</arg>
<arg>options=add_argument("--ignore-certificate-errors")</arg>
</arguments>
<msg timestamp="20210822 23:31:04.806" level="INFO">Opening browser 'chrome' to base url 'http://www.potterybarn.com'.</msg>
<status status="PASS" starttime="20210822 23:31:04.806" endtime="20210822 23:31:12.059"></status>
</kw>
<kw name="Set Window Size" library="Selenium2Library">
<doc>Sets current windows size to given ``width`` and ``height``.</doc>
<arguments>
<arg>${browser_width}</arg>
<arg>${browser_height}</arg>
</arguments>
<status status="PASS" starttime="20210822 23:31:12.059" endtime="20210822 23:31:12.229"></status>
</kw>
<status status="PASS" starttime="20210822 23:31:04.806" endtime="20210822 23:31:12.229"></status>
</kw>
<kw name="Run Keyword And Ignore Error" library="BuiltIn">
<doc>Runs the given keyword with the given arguments and ignores possible error.</doc>
<arguments>
<arg>Wait Until Element Is Visible</arg>
<arg>${popUpAd}</arg>
<arg>timeout=10</arg>
</arguments>
<assign>
<var>${pass_fail}</var>
<var>${val}</var>
</assign>
<kw name="Wait Until Element Is Visible" library="Selenium2Library">
<doc>Waits until the element ``locator`` is visible.</doc>
<arguments>
<arg>${popUpAd}</arg>
<arg>timeout=10</arg>
</arguments>
<status status="PASS" starttime="20210822 23:31:12.233" endtime="20210822 23:31:14.295"></status>
</kw>
<msg timestamp="20210822 23:31:14.295" level="INFO">${pass_fail} = PASS</msg>
<msg timestamp="20210822 23:31:14.296" level="INFO">${val} = None</msg>
<status status="PASS" starttime="20210822 23:31:12.232" endtime="20210822 23:31:14.296"></status>
</kw>
<kw name="Run Keyword If" library="BuiltIn">
<doc>Runs the given keyword with the given arguments, if ``condition`` is true.</doc>
<arguments>
<arg>'${pass_fail}'=='PASS'</arg>
<arg>Click Element</arg>
<arg>${popUpAd}</arg>
</arguments>
<kw name="Click Element" library="Selenium2Library">
<doc>Click the element identified by ``locator``.</doc>
<arguments>
<arg>${popUpAd}</arg>
</arguments>
<msg timestamp="20210822 23:31:14.298" level="INFO">Clicking element '//*[@id="home"]/div[10]/div/a'.</msg>
<status status="PASS" starttime="20210822 23:31:14.298" endtime="20210822 23:31:14.994"></status>
</kw>
<status status="PASS" starttime="20210822 23:31:14.297" endtime="20210822 23:31:14.994"></status>
</kw>
<kw name="Search For Item" library="PB_Keywords">
<arguments>
<arg>sectional</arg>
</arguments>
<kw name="Wait Until Element Is Visible" library="Selenium2Library">
<doc>Waits until the element ``locator`` is visible.</doc>
<arguments>
<arg>${searchBox}</arg>
<arg>timeout=${WEB_TIMEOUT}</arg>
</arguments>
<status status="PASS" starttime="20210822 23:31:14.995" endtime="20210822 23:31:15.126"></status>
</kw>
<kw name="Wait Until Element Is Enabled" library="Selenium2Library">
<doc>Waits until the element ``locator`` is enabled.</doc>
<arguments>
<arg>${searchBox}</arg>
<arg>timeout=${WEB_TIMEOUT}</arg>
</arguments>
<status status="PASS" starttime="20210822 23:31:15.126" endtime="20210822 23:31:15.195"></status>
</kw>
<kw name="Input Text" library="Selenium2Library">
<doc>Types the given ``text`` into the text field identified by ``locator``.</doc>
<arguments>
<arg>${searchBox}</arg>
<arg>${searchStr}</arg>
</arguments>
<msg timestamp="20210822 23:31:15.197" level="INFO">Typing text 'sectional' into text field '//*[@id="search-field"]'.</msg>
<status status="PASS" starttime="20210822 23:31:15.195" endtime="20210822 23:31:15.403"></status>
</kw>
<kw name="Press Keys" library="Selenium2Library">
<doc>Simulates the user pressing key(s) to an element or on the active browser.</doc>
<arguments>
<arg>${searchBox}</arg>
<arg>ENTER</arg>
</arguments>
<msg timestamp="20210822 23:31:15.404" level="INFO">Sending key(s) ('ENTER',) to //*[@id="search-field"] element.</msg>
<msg timestamp="20210822 23:31:15.737" level="INFO">Pressing special key ENTER to element.</msg>
<msg timestamp="20210822 23:31:15.737" level="INFO">Releasing special key ENTER.</msg>
<status status="PASS" starttime="20210822 23:31:15.403" endtime="20210822 23:31:19.006"></status>
</kw>
<status status="PASS" starttime="20210822 23:31:14.994" endtime="20210822 23:31:19.006"></status>
</kw>
<kw name="Select Search Result Item" library="PB_Keywords">
<arguments>
<arg>10</arg>
</arguments>
<kw name="Wait Until Element Is Visible" library="Selenium2Library">
<doc>Waits until the element ``locator`` is visible.</doc>
<arguments>
<arg>${searchRes}${search_res_num}]</arg>
<arg>timeout=${WEB_TIMEOUT}</arg>
</arguments>
<status status="PASS" starttime="20210822 23:31:19.007" endtime="20210822 23:31:20.402"></status>
</kw>
<kw name="Wait Until Element Is Enabled" library="Selenium2Library">
<doc>Waits until the element ``locator`` is enabled.</doc>
<arguments>
<arg>${searchRes}${search_res_num}]</arg>
<arg>timeout=${WEB_TIMEOUT}</arg>
</arguments>
<status status="PASS" starttime="20210822 23:31:20.403" endtime="20210822 23:31:20.448"></status>
</kw>
<kw name="Click Element" library="Selenium2Library">
<doc>Click the element identified by ``locator``.</doc>
<arguments>
<arg>${searchRes}${search_res_num}]</arg>
</arguments>
<msg timestamp="20210822 23:31:20.448" level="INFO">Clicking element '//body/div[@data-style='app']/div[@class='product-discovery search-main-container']/div[@data-style='products-result']/div[@class='search-container']/section[@class='search-page']/div[@class='container']/div[10]'.</msg>
<status status="PASS" starttime="20210822 23:31:20.448" endtime="20210822 23:31:24.160"></status>
</kw>
<status status="PASS" starttime="20210822 23:31:19.006" endtime="20210822 23:31:24.161"></status>
</kw>
<kw name="Wait Until Element Is Visible" library="Selenium2Library">
<doc>Waits until the element ``locator`` is visible.</doc>
<arguments>
<arg>${itemOneQty}</arg>
<arg>timeout=${WEB_TIMEOUT}</arg>
</arguments>
<status status="PASS" starttime="20210822 23:31:24.161" endtime="20210822 23:31:24.628"></status>
</kw>
<kw name="Input Text Into Field" library="PB_Keywords">
<arguments>
<arg>${itemOneQty}</arg>
<arg>1</arg>
</arguments>
<kw name="Wait Until Element Is Visible" library="Selenium2Library">
<doc>Waits until the element ``locator`` is visible.</doc>
<arguments>
<arg>${element}</arg>
<arg>timeout=${WEB_TIMEOUT}</arg>
</arguments>
<status status="PASS" starttime="20210822 23:31:24.630" endtime="20210822 23:31:24.954"></status>
</kw>
<kw name="Wait Until Element Is Enabled" library="Selenium2Library">
<doc>Waits until the element ``locator`` is enabled.</doc>
<arguments>
<arg>${element}</arg>
<arg>timeout=${WEB_TIMEOUT}</arg>
</arguments>
<status status="PASS" starttime="20210822 23:31:24.954" endtime="20210822 23:31:26.101"></status>
</kw>
<kw name="Input Text" library="Selenium2Library">
<doc>Types the given ``text`` into the text field identified by ``locator``.</doc>
<arguments>
<arg>${element}</arg>
<arg>${text}</arg>
</arguments>
<msg timestamp="20210822 23:31:26.101" level="INFO">Typing text '1' into text field '//div[@id='productSubsetItem1']//input[@placeholder='QTY']'.</msg>
<status status="PASS" starttime="20210822 23:31:26.101" endtime="20210822 23:31:26.570"></status>
</kw>
<status status="PASS" starttime="20210822 23:31:24.629" endtime="20210822 23:31:26.570"></status>
</kw>
<kw name="Input Text Into Field" library="PB_Keywords">
<arguments>
<arg>${itemTwoQty}</arg>
<arg>1</arg>
</arguments>
<kw name="Wait Until Element Is Visible" library="Selenium2Library">
<doc>Waits until the element ``locator`` is visible.</doc>
<arguments>
<arg>${element}</arg>
<arg>timeout=${WEB_TIMEOUT}</arg>
</arguments>
<status status="PASS" starttime="20210822 23:31:26.571" endtime="20210822 23:31:26.745"></status>
</kw>
<kw name="Wait Until Element Is Enabled" library="Selenium2Library">
<doc>Waits until the element ``locator`` is enabled.</doc>
<arguments>
<arg>${element}</arg>
<arg>timeout=${WEB_TIMEOUT}</arg>
</arguments>
<status status="PASS" starttime="20210822 23:31:26.745" endtime="20210822 23:31:26.808"></status>
</kw>
<kw name="Input Text" library="Selenium2Library">
<doc>Types the given ``text`` into the text field identified by ``locator``.</doc>
<arguments>
<arg>${element}</arg>
<arg>${text}</arg>
</arguments>
<msg timestamp="20210822 23:31:26.809" level="INFO">Typing text '1' into text field '//div[@id='productSubsetItem2']//input[@placeholder='QTY']'.</msg>
<status status="PASS" starttime="20210822 23:31:26.808" endtime="20210822 23:31:26.938"></status>
</kw>
<status status="PASS" starttime="20210822 23:31:26.570" endtime="20210822 23:31:26.938"></status>
</kw>
<kw name="Click an Element" library="PB_Keywords">
<arguments>
<arg>${itemTwoColorOne}</arg>
</arguments>
<kw name="Wait Until Element Is Visible" library="Selenium2Library">
<doc>Waits until the element ``locator`` is visible.</doc>
<arguments>
<arg>${element}</arg>
<arg>timeout=${WEB_TIMEOUT}</arg>
</arguments>
<status status="PASS" starttime="20210822 23:31:26.939" endtime="20210822 23:31:26.966"></status>
</kw>
<kw name="Wait Until Element Is Enabled" library="Selenium2Library">
<doc>Waits until the element ``locator`` is enabled.</doc>
<arguments>
<arg>${element}</arg>
<arg>timeout=${WEB_TIMEOUT}</arg>
</arguments>
<status status="PASS" starttime="20210822 23:31:26.966" endtime="20210822 23:31:26.992"></status>
</kw>
<kw name="Click Element" library="Selenium2Library">
<doc>Click the element identified by ``locator``.</doc>
<arguments>
<arg>${element}</arg>
</arguments>
<msg timestamp="20210822 23:31:26.993" level="INFO">Clicking element '//*[@id="productSubsetItem2"]/div[2]/div[1]/div[1]/div[2]/ul[1]/li[1]/a/img'.</msg>
<status status="PASS" starttime="20210822 23:31:26.993" endtime="20210822 23:31:27.184"></status>
</kw>
<status status="PASS" starttime="20210822 23:31:26.939" endtime="20210822 23:31:27.185"></status>
</kw>
<kw name="Click an Element" library="PB_Keywords">
<arguments>
<arg>${addToCartButton}</arg>
</arguments>
<kw name="Wait Until Element Is Visible" library="Selenium2Library">
<doc>Waits until the element ``locator`` is visible.</doc>
<arguments>
<arg>${element}</arg>
<arg>timeout=${WEB_TIMEOUT}</arg>
</arguments>
<status status="PASS" starttime="20210822 23:31:27.186" endtime="20210822 23:31:27.273"></status>
</kw>
<kw name="Wait Until Element Is Enabled" library="Selenium2Library">
<doc>Waits until the element ``locator`` is enabled.</doc>
<arguments>
<arg>${element}</arg>
<arg>timeout=${WEB_TIMEOUT}</arg>
</arguments>
<status status="PASS" starttime="20210822 23:31:27.273" endtime="20210822 23:31:27.305"></status>
</kw>
<kw name="Click Element" library="Selenium2Library">
<doc>Click the element identified by ``locator``.</doc>
<arguments>
<arg>${element}</arg>
</arguments>
<msg timestamp="20210822 23:31:27.305" level="INFO">Clicking element '//button[@id='primaryGroup_addToCart_0']'.</msg>
<status status="PASS" starttime="20210822 23:31:27.305" endtime="20210822 23:31:27.438"></status>
</kw>
<status status="PASS" starttime="20210822 23:31:27.185" endtime="20210822 23:31:27.438"></status>
</kw>
<kw name="Click an Element" library="PB_Keywords">
<arguments>
<arg>${contShoppingButton}</arg>
</arguments>
<kw name="Wait Until Element Is Visible" library="Selenium2Library">
<doc>Waits until the element ``locator`` is visible.</doc>
<arguments>
<arg>${element}</arg>
<arg>timeout=${WEB_TIMEOUT}</arg>
</arguments>
<status status="PASS" starttime="20210822 23:31:27.440" endtime="20210822 23:31:28.421"></status>
</kw>
<kw name="Wait Until Element Is Enabled" library="Selenium2Library">
<doc>Waits until the element ``locator`` is enabled.</doc>
<arguments>
<arg>${element}</arg>
<arg>timeout=${WEB_TIMEOUT}</arg>
</arguments>
<status status="PASS" starttime="20210822 23:31:28.422" endtime="20210822 23:31:28.460"></status>
</kw>
<kw name="Click Element" library="Selenium2Library">
<doc>Click the element identified by ``locator``.</doc>
<arguments>
<arg>${element}</arg>
</arguments>
<msg timestamp="20210822 23:31:28.460" level="INFO">Clicking element '//a[@role='button'][normalize-space()='Continue Shopping']'.</msg>
<status status="PASS" starttime="20210822 23:31:28.460" endtime="20210822 23:31:28.603"></status>
</kw>
<status status="PASS" starttime="20210822 23:31:27.439" endtime="20210822 23:31:28.603"></status>
</kw>
<kw name="Search For Item" library="PB_Keywords">
<arguments>
<arg>pillow</arg>
</arguments>
<kw name="Wait Until Element Is Visible" library="Selenium2Library">
<doc>Waits until the element ``locator`` is visible.</doc>
<arguments>
<arg>${searchBox}</arg>
<arg>timeout=${WEB_TIMEOUT}</arg>
</arguments>
<status status="PASS" starttime="20210822 23:31:28.605" endtime="20210822 23:31:29.102"></status>
</kw>
<kw name="Wait Until Element Is Enabled" library="Selenium2Library">
<doc>Waits until the element ``locator`` is enabled.</doc>
<arguments>
<arg>${searchBox}</arg>
<arg>timeout=${WEB_TIMEOUT}</arg>
</arguments>
<status status="PASS" starttime="20210822 23:31:29.102" endtime="20210822 23:31:29.130"></status>
</kw>
<kw name="Input Text" library="Selenium2Library">
<doc>Types the given ``text`` into the text field identified by ``locator``.</doc>
<arguments>
<arg>${searchBox}</arg>
<arg>${searchStr}</arg>
</arguments>
<msg timestamp="20210822 23:31:29.131" level="INFO">Typing text 'pillow' into text field '//*[@id="search-field"]'.</msg>
<status status="PASS" starttime="20210822 23:31:29.131" endtime="20210822 23:31:29.278"></status>
</kw>
<kw name="Press Keys" library="Selenium2Library">
<doc>Simulates the user pressing key(s) to an element or on the active browser.</doc>
<arguments>
<arg>${searchBox}</arg>
<arg>ENTER</arg>
</arguments>
<msg timestamp="20210822 23:31:29.279" level="INFO">Sending key(s) ('ENTER',) to //*[@id="search-field"] element.</msg>
<msg timestamp="20210822 23:31:29.626" level="INFO">Pressing special key ENTER to element.</msg>
<msg timestamp="20210822 23:31:29.626" level="INFO">Releasing special key ENTER.</msg>
<status status="PASS" starttime="20210822 23:31:29.278" endtime="20210822 23:31:31.864"></status>
</kw>
<status status="PASS" starttime="20210822 23:31:28.604" endtime="20210822 23:31:31.864"></status>
</kw>
<kw name="Select Search Result Item" library="PB_Keywords">
<arguments>
<arg>1</arg>
</arguments>
<kw name="Wait Until Element Is Visible" library="Selenium2Library">
<doc>Waits until the element ``locator`` is visible.</doc>
<arguments>
<arg>${searchRes}${search_res_num}]</arg>
<arg>timeout=${WEB_TIMEOUT}</arg>
</arguments>
<status status="PASS" starttime="20210822 23:31:31.865" endtime="20210822 23:31:33.037"></status>
</kw>
<kw name="Wait Until Element Is Enabled" library="Selenium2Library">
<doc>Waits until the element ``locator`` is enabled.</doc>
<arguments>
<arg>${searchRes}${search_res_num}]</arg>
<arg>timeout=${WEB_TIMEOUT}</arg>
</arguments>
<status status="PASS" starttime="20210822 23:31:33.037" endtime="20210822 23:31:33.091"></status>
</kw>
<kw name="Click Element" library="Selenium2Library">
<doc>Click the element identified by ``locator``.</doc>
<arguments>
<arg>${searchRes}${search_res_num}]</arg>
</arguments>
<msg timestamp="20210822 23:31:33.091" level="INFO">Clicking element '//body/div[@data-style='app']/div[@class='product-discovery search-main-container']/div[@data-style='products-result']/div[@class='search-container']/section[@class='search-page']/div[@class='container']/div[1]'.</msg>
<status status="PASS" starttime="20210822 23:31:33.091" endtime="20210822 23:31:36.105"></status>
</kw>
<status status="PASS" starttime="20210822 23:31:31.865" endtime="20210822 23:31:36.106"></status>
</kw>
<kw name="Click an Element" library="PB_Keywords">
<arguments>
<arg>${itemOneColorOne}</arg>
</arguments>
<kw name="Wait Until Element Is Visible" library="Selenium2Library">
<doc>Waits until the element ``locator`` is visible.</doc>
<arguments>
<arg>${element}</arg>
<arg>timeout=${WEB_TIMEOUT}</arg>
</arguments>
<status status="PASS" starttime="20210822 23:31:36.106" endtime="20210822 23:31:37.276"></status>
</kw>
<kw name="Wait Until Element Is Enabled" library="Selenium2Library">
<doc>Waits until the element ``locator`` is enabled.</doc>
<arguments>
<arg>${element}</arg>
<arg>timeout=${WEB_TIMEOUT}</arg>
</arguments>
<status status="PASS" starttime="20210822 23:31:37.276" endtime="20210822 23:31:37.999"></status>
</kw>
<kw name="Click Element" library="Selenium2Library">
<doc>Click the element identified by ``locator``.</doc>
<arguments>
<arg>${element}</arg>
</arguments>
<msg timestamp="20210822 23:31:38.000" level="INFO">Clicking element '//*[@id="productSubsetItem1"]/div/div/div[1]/ul[2]/li[1]/a/img'.</msg>
<status status="PASS" starttime="20210822 23:31:37.999" endtime="20210822 23:31:38.231"></status>
</kw>
<status status="PASS" starttime="20210822 23:31:36.106" endtime="20210822 23:31:38.231"></status>
</kw>
<kw name="Input Text Into Field" library="PB_Keywords">
<arguments>
<arg>${itemOneQty}</arg>
<arg>1</arg>
</arguments>
<kw name="Wait Until Element Is Visible" library="Selenium2Library">
<doc>Waits until the element ``locator`` is visible.</doc>
<arguments>
<arg>${element}</arg>
<arg>timeout=${WEB_TIMEOUT}</arg>
</arguments>
<status status="PASS" starttime="20210822 23:31:38.232" endtime="20210822 23:31:38.475"></status>
</kw>
<kw name="Wait Until Element Is Enabled" library="Selenium2Library">
<doc>Waits until the element ``locator`` is enabled.</doc>
<arguments>
<arg>${element}</arg>
<arg>timeout=${WEB_TIMEOUT}</arg>
</arguments>
<status status="PASS" starttime="20210822 23:31:38.475" endtime="20210822 23:31:38.577"></status>
</kw>
<kw name="Input Text" library="Selenium2Library">
<doc>Types the given ``text`` into the text field identified by ``locator``.</doc>
<arguments>
<arg>${element}</arg>
<arg>${text}</arg>
</arguments>
<msg timestamp="20210822 23:31:38.577" level="INFO">Typing text '1' into text field '//div[@id='productSubsetItem1']//input[@placeholder='QTY']'.</msg>
<status status="PASS" starttime="20210822 23:31:38.577" endtime="20210822 23:31:38.684"></status>
</kw>
<status status="PASS" starttime="20210822 23:31:38.232" endtime="20210822 23:31:38.684"></status>
</kw>
<kw name="Click an Element" library="PB_Keywords">
<arguments>
<arg>${addToCartButton}</arg>
</arguments>
<kw name="Wait Until Element Is Visible" library="Selenium2Library">
<doc>Waits until the element ``locator`` is visible.</doc>
<arguments>
<arg>${element}</arg>
<arg>timeout=${WEB_TIMEOUT}</arg>
</arguments>
<status status="PASS" starttime="20210822 23:31:38.686" endtime="20210822 23:31:38.706"></status>
</kw>
<kw name="Wait Until Element Is Enabled" library="Selenium2Library">
<doc>Waits until the element ``locator`` is enabled.</doc>
<arguments>
<arg>${element}</arg>
<arg>timeout=${WEB_TIMEOUT}</arg>
</arguments>
<status status="PASS" starttime="20210822 23:31:38.707" endtime="20210822 23:31:38.741"></status>
</kw>
<kw name="Click Element" library="Selenium2Library">
<doc>Click the element identified by ``locator``.</doc>
<arguments>
<arg>${element}</arg>
</arguments>
<msg timestamp="20210822 23:31:38.742" level="INFO">Clicking element '//button[@id='primaryGroup_addToCart_0']'.</msg>
<status status="PASS" starttime="20210822 23:31:38.741" endtime="20210822 23:31:38.887"></status>
</kw>
<status status="PASS" starttime="20210822 23:31:38.685" endtime="20210822 23:31:38.888"></status>
</kw>
<kw name="Click an Element" library="PB_Keywords">
<arguments>
<arg>${checkoutButton}</arg>
</arguments>
<kw name="Wait Until Element Is Visible" library="Selenium2Library">
<doc>Waits until the element ``locator`` is visible.</doc>
<arguments>
<arg>${element}</arg>
<arg>timeout=${WEB_TIMEOUT}</arg>
</arguments>
<status status="PASS" starttime="20210822 23:31:38.890" endtime="20210822 23:31:39.728"></status>
</kw>
<kw name="Wait Until Element Is Enabled" library="Selenium2Library">
<doc>Waits until the element ``locator`` is enabled.</doc>
<arguments>
<arg>${element}</arg>
<arg>timeout=${WEB_TIMEOUT}</arg>
</arguments>
<status status="PASS" starttime="20210822 23:31:39.728" endtime="20210822 23:31:39.760"></status>
</kw>
<kw name="Click Element" library="Selenium2Library">
<doc>Click the element identified by ``locator``.</doc>
<arguments>
<arg>${element}</arg>
</arguments>
<msg timestamp="20210822 23:31:39.760" level="INFO">Clicking element '//*[@id="anchor-btn-checkout"]'.</msg>
<status status="PASS" starttime="20210822 23:31:39.760" endtime="20210822 23:31:42.351"></status>
</kw>
<status status="PASS" starttime="20210822 23:31:38.889" endtime="20210822 23:31:42.351"></status>
</kw>
<kw name="Click an Element" library="PB_Keywords">
<arguments>
<arg>${ccRadioDial}</arg>
</arguments>
<kw name="Wait Until Element Is Visible" library="Selenium2Library">
<doc>Waits until the element ``locator`` is visible.</doc>
<arguments>
<arg>${element}</arg>
<arg>timeout=${WEB_TIMEOUT}</arg>
</arguments>
<status status="PASS" starttime="20210822 23:31:42.352" endtime="20210822 23:31:42.677"></status>
</kw>
<kw name="Wait Until Element Is Enabled" library="Selenium2Library">
<doc>Waits until the element ``locator`` is enabled.</doc>
<arguments>
<arg>${element}</arg>
<arg>timeout=${WEB_TIMEOUT}</arg>
</arguments>
<status status="PASS" starttime="20210822 23:31:42.677" endtime="20210822 23:31:42.713"></status>
</kw>
<kw name="Click Element" library="Selenium2Library">
<doc>Click the element identified by ``locator``.</doc>
<arguments>
<arg>${element}</arg>
</arguments>
<msg timestamp="20210822 23:31:42.713" level="INFO">Clicking element '//span[@class='logo-group']'.</msg>
<status status="PASS" starttime="20210822 23:31:42.713" endtime="20210822 23:31:42.850"></status>
</kw>
<status status="PASS" starttime="20210822 23:31:42.351" endtime="20210822 23:31:42.850"></status>
</kw>
<kw name="Click an Element" library="PB_Keywords">
<arguments>
<arg>${checkoutButtonCart}</arg>
</arguments>
<kw name="Wait Until Element Is Visible" library="Selenium2Library">
<doc>Waits until the element ``locator`` is visible.</doc>
<arguments>
<arg>${element}</arg>
<arg>timeout=${WEB_TIMEOUT}</arg>
</arguments>
<status status="PASS" starttime="20210822 23:31:42.858" endtime="20210822 23:31:42.927"></status>
</kw>
<kw name="Wait Until Element Is Enabled" library="Selenium2Library">
<doc>Waits until the element ``locator`` is enabled.</doc>
<arguments>
<arg>${element}</arg>
<arg>timeout=${WEB_TIMEOUT}</arg>
</arguments>
<status status="PASS" starttime="20210822 23:31:42.927" endtime="20210822 23:31:42.980"></status>
</kw>
<kw name="Click Element" library="Selenium2Library">
<doc>Click the element identified by ``locator``.</doc>
<arguments>
<arg>${element}</arg>
</arguments>
<msg timestamp="20210822 23:31:42.980" level="INFO">Clicking element '//button[normalize-space()='Checkout']'.</msg>
<status status="PASS" starttime="20210822 23:31:42.980" endtime="20210822 23:31:44.085"></status>
</kw>
<status status="PASS" starttime="20210822 23:31:42.858" endtime="20210822 23:31:44.085"></status>
</kw>
<kw name="Click an Element" library="PB_Keywords">
<arguments>
<arg>${guestCheckoutButton}</arg>
</arguments>
<kw name="Wait Until Element Is Visible" library="Selenium2Library">
<doc>Waits until the element ``locator`` is visible.</doc>
<arguments>
<arg>${element}</arg>
<arg>timeout=${WEB_TIMEOUT}</arg>
</arguments>
<status status="PASS" starttime="20210822 23:31:44.086" endtime="20210822 23:31:44.197"></status>
</kw>
<kw name="Wait Until Element Is Enabled" library="Selenium2Library">
<doc>Waits until the element ``locator`` is enabled.</doc>
<arguments>
<arg>${element}</arg>
<arg>timeout=${WEB_TIMEOUT}</arg>
</arguments>
<status status="PASS" starttime="20210822 23:31:44.197" endtime="20210822 23:31:44.282"></status>
</kw>
<kw name="Click Element" library="Selenium2Library">
<doc>Click the element identified by ``locator``.</doc>
<arguments>
<arg>${element}</arg>
</arguments>
<msg timestamp="20210822 23:31:44.282" level="INFO">Clicking element '//button[normalize-space()='Guest Checkout']'.</msg>
<status status="PASS" starttime="20210822 23:31:44.282" endtime="20210822 23:31:46.572"></status>
</kw>
<status status="PASS" starttime="20210822 23:31:44.086" endtime="20210822 23:31:46.572"></status>
</kw>
<kw name="Input Text Into Field" library="PB_Keywords">
<arguments>
<arg>${checkoutFullName}</arg>
<arg>Test Er</arg>
</arguments>
<kw name="Wait Until Element Is Visible" library="Selenium2Library">
<doc>Waits until the element ``locator`` is visible.</doc>
<arguments>
<arg>${element}</arg>
<arg>timeout=${WEB_TIMEOUT}</arg>
</arguments>
<status status="PASS" starttime="20210822 23:31:46.574" endtime="20210822 23:31:46.793"></status>
</kw>
<kw name="Wait Until Element Is Enabled" library="Selenium2Library">
<doc>Waits until the element ``locator`` is enabled.</doc>
<arguments>
<arg>${element}</arg>
<arg>timeout=${WEB_TIMEOUT}</arg>
</arguments>
<status status="PASS" starttime="20210822 23:31:46.793" endtime="20210822 23:31:46.925"></status>
</kw>
<kw name="Input Text" library="Selenium2Library">
<doc>Types the given ``text`` into the text field identified by ``locator``.</doc>
<arguments>
<arg>${element}</arg>
<arg>${text}</arg>
</arguments>
<msg timestamp="20210822 23:31:46.925" level="INFO">Typing text 'Test Er' into text field '//*[@id="fullName"]'.</msg>
<status status="PASS" starttime="20210822 23:31:46.925" endtime="20210822 23:31:47.061"></status>
</kw>
<status status="PASS" starttime="20210822 23:31:46.573" endtime="20210822 23:31:47.062"></status>
</kw>
<kw name="Input Text Into Field" library="PB_Keywords">
<arguments>
<arg>${checkoutPhone}</arg>
<arg>9165551234</arg>
</arguments>
<kw name="Wait Until Element Is Visible" library="Selenium2Library">
<doc>Waits until the element ``locator`` is visible.</doc>
<arguments>
<arg>${element}</arg>
<arg>timeout=${WEB_TIMEOUT}</arg>
</arguments>
<status status="PASS" starttime="20210822 23:31:47.063" endtime="20210822 23:31:47.109"></status>
</kw>
<kw name="Wait Until Element Is Enabled" library="Selenium2Library">
<doc>Waits until the element ``locator`` is enabled.</doc>
<arguments>
<arg>${element}</arg>
<arg>timeout=${WEB_TIMEOUT}</arg>
</arguments>
<status status="PASS" starttime="20210822 23:31:47.109" endtime="20210822 23:31:47.155"></status>
</kw>
<kw name="Input Text" library="Selenium2Library">
<doc>Types the given ``text`` into the text field identified by ``locator``.</doc>
<arguments>
<arg>${element}</arg>
<arg>${text}</arg>
</arguments>
<msg timestamp="20210822 23:31:47.156" level="INFO">Typing text '9165551234' into text field '//*[@id="phone"]'.</msg>
<status status="PASS" starttime="20210822 23:31:47.156" endtime="20210822 23:31:48.324"></status>
</kw>
<status status="PASS" starttime="20210822 23:31:47.062" endtime="20210822 23:31:48.324"></status>
</kw>
<kw name="Click an Element" library="PB_Keywords">
<arguments>
<arg>${checkoutShippingCont}</arg>
</arguments>
<kw name="Wait Until Element Is Visible" library="Selenium2Library">
<doc>Waits until the element ``locator`` is visible.</doc>
<arguments>
<arg>${element}</arg>
<arg>timeout=${WEB_TIMEOUT}</arg>
</arguments>
<status status="PASS" starttime="20210822 23:31:48.325" endtime="20210822 23:31:48.352"></status>
</kw>
<kw name="Wait Until Element Is Enabled" library="Selenium2Library">
<doc>Waits until the element ``locator`` is enabled.</doc>
<arguments>
<arg>${element}</arg>
<arg>timeout=${WEB_TIMEOUT}</arg>
</arguments>
<status status="PASS" starttime="20210822 23:31:48.353" endtime="20210822 23:31:48.377"></status>
</kw>
<kw name="Click Element" library="Selenium2Library">
<doc>Click the element identified by ``locator``.</doc>
<arguments>
<arg>${element}</arg>
</arguments>
<msg timestamp="20210822 23:31:48.378" level="INFO">Clicking element '//address-form-feature[@id='shipping']//button-ui[@name='submit']'.</msg>
<status status="PASS" starttime="20210822 23:31:48.377" endtime="20210822 23:31:48.489"></status>
</kw>
<status status="PASS" starttime="20210822 23:31:48.324" endtime="20210822 23:31:48.490"></status>
</kw>
<kw name="Get Text" library="Selenium2Library">
<doc>Returns the text value of the element identified by ``locator``.</doc>
<arguments>
<arg>${checkoutAddressErr}</arg>
</arguments>
<assign>
<var>${errorMsg}</var>
</assign>
<msg timestamp="20210822 23:31:48.559" level="INFO">${errorMsg} = Please enter your Address</msg>
<status status="PASS" starttime="20210822 23:31:48.490" endtime="20210822 23:31:48.559"></status>
</kw>
<kw name="Should Contain" library="BuiltIn">
<doc>Fails if ``container`` does not contain ``item`` one or more times.</doc>
<arguments>
<arg>${errorMsg}</arg>
<arg>Please enter your Address</arg>
</arguments>
<status status="PASS" starttime="20210822 23:31:48.560" endtime="20210822 23:31:48.560"></status>
</kw>
<kw name="Get Text" library="Selenium2Library">
<doc>Returns the text value of the element identified by ``locator``.</doc>
<arguments>
<arg>${checkoutCityErr}</arg>
</arguments>
<assign>
<var>${errorMsg}</var>
</assign>
<msg timestamp="20210822 23:31:48.606" level="INFO">${errorMsg} = Please enter your City</msg>
<status status="PASS" starttime="20210822 23:31:48.561" endtime="20210822 23:31:48.606"></status>
</kw>
<kw name="Should Contain" library="BuiltIn">
<doc>Fails if ``container`` does not contain ``item`` one or more times.</doc>
<arguments>
<arg>${errorMsg}</arg>
<arg>Please enter your City</arg>
</arguments>
<status status="PASS" starttime="20210822 23:31:48.607" endtime="20210822 23:31:48.607"></status>
</kw>
<kw name="Get Text" library="Selenium2Library">
<doc>Returns the text value of the element identified by ``locator``.</doc>
<arguments>
<arg>${checkoutStateErr}</arg>
</arguments>
<assign>
<var>${errorMsg}</var>
</assign>
<msg timestamp="20210822 23:31:48.632" level="INFO">${errorMsg} = Please select a State</msg>
<status status="PASS" starttime="20210822 23:31:48.609" endtime="20210822 23:31:48.632"></status>
</kw>
<kw name="Should Contain" library="BuiltIn">
<doc>Fails if ``container`` does not contain ``item`` one or more times.</doc>
<arguments>
<arg>${errorMsg}</arg>
<arg>Please select a State</arg>
</arguments>
<status status="PASS" starttime="20210822 23:31:48.633" endtime="20210822 23:31:48.633"></status>
</kw>
<kw name="Get Text" library="Selenium2Library">
<doc>Returns the text value of the element identified by ``locator``.</doc>
<arguments>
<arg>${checkoutZipErr}</arg>
</arguments>
<assign>
<var>${errorMsg}</var>
</assign>
<msg timestamp="20210822 23:31:48.655" level="INFO">${errorMsg} = Please enter your ZIP</msg>
<status status="PASS" starttime="20210822 23:31:48.633" endtime="20210822 23:31:48.655"></status>
</kw>
<kw name="Should Contain" library="BuiltIn">
<doc>Fails if ``container`` does not contain ``item`` one or more times.</doc>
<arguments>
<arg>${errorMsg}</arg>
<arg>Please enter your ZIP</arg>
</arguments>
<status status="PASS" starttime="20210822 23:31:48.656" endtime="20210822 23:31:48.656"></status>
</kw>
<kw name="Input Text Into Field" library="PB_Keywords">
<arguments>
<arg>${checkoutAddress}</arg>
<arg>3201 Mortara Circle</arg>
</arguments>
<kw name="Wait Until Element Is Visible" library="Selenium2Library">
<doc>Waits until the element ``locator`` is visible.</doc>
<arguments>
<arg>${element}</arg>
<arg>timeout=${WEB_TIMEOUT}</arg>
</arguments>
<status status="PASS" starttime="20210822 23:31:48.657" endtime="20210822 23:31:48.679"></status>
</kw>
<kw name="Wait Until Element Is Enabled" library="Selenium2Library">
<doc>Waits until the element ``locator`` is enabled.</doc>
<arguments>
<arg>${element}</arg>
<arg>timeout=${WEB_TIMEOUT}</arg>
</arguments>
<status status="PASS" starttime="20210822 23:31:48.679" endtime="20210822 23:31:48.707"></status>
</kw>
<kw name="Input Text" library="Selenium2Library">
<doc>Types the given ``text`` into the text field identified by ``locator``.</doc>
<arguments>
<arg>${element}</arg>
<arg>${text}</arg>
</arguments>
<msg timestamp="20210822 23:31:48.707" level="INFO">Typing text '3201 Mortara Circle' into text field '//*[@id="line1"]'.</msg>
<status status="PASS" starttime="20210822 23:31:48.707" endtime="20210822 23:31:48.847"></status>
</kw>
<status status="PASS" starttime="20210822 23:31:48.657" endtime="20210822 23:31:48.848"></status>
</kw>
<kw name="Input Text Into Field" library="PB_Keywords">
<arguments>
<arg>${checkoutCity}</arg>
<arg>Placerville</arg>
</arguments>
<kw name="Wait Until Element Is Visible" library="Selenium2Library">
<doc>Waits until the element ``locator`` is visible.</doc>
<arguments>
<arg>${element}</arg>
<arg>timeout=${WEB_TIMEOUT}</arg>
</arguments>
<status status="PASS" starttime="20210822 23:31:48.851" endtime="20210822 23:31:48.878"></status>
</kw>
<kw name="Wait Until Element Is Enabled" library="Selenium2Library">
<doc>Waits until the element ``locator`` is enabled.</doc>
<arguments>
<arg>${element}</arg>
<arg>timeout=${WEB_TIMEOUT}</arg>
</arguments>
<status status="PASS" starttime="20210822 23:31:48.879" endtime="20210822 23:31:48.904"></status>
</kw>
<kw name="Input Text" library="Selenium2Library">
<doc>Types the given ``text`` into the text field identified by ``locator``.</doc>
<arguments>
<arg>${element}</arg>
<arg>${text}</arg>
</arguments>
<msg timestamp="20210822 23:31:48.905" level="INFO">Typing text 'Placerville' into text field '//*[@id="city"]'.</msg>
<status status="PASS" starttime="20210822 23:31:48.905" endtime="20210822 23:31:49.023"></status>
</kw>
<status status="PASS" starttime="20210822 23:31:48.850" endtime="20210822 23:31:49.023"></status>
</kw>
<kw name="Select From List By Value" library="Selenium2Library">
<doc>Selects options from selection list ``locator`` by ``values``.</doc>
<arguments>
<arg>${checkoutState}</arg>
<arg>CA</arg>
</arguments>
<msg timestamp="20210822 23:31:49.025" level="INFO">Selecting options from selection list '//*[@id="shipping"]/form/div[1]/div[2]/checkout-state-province-select-ui/div/select' by value CA.</msg>
<status status="PASS" starttime="20210822 23:31:49.024" endtime="20210822 23:31:49.148"></status>
</kw>
<kw name="Click an Element" library="PB_Keywords">
<arguments>
<arg>${checkoutZip}</arg>
</arguments>
<kw name="Wait Until Element Is Visible" library="Selenium2Library">
<doc>Waits until the element ``locator`` is visible.</doc>
<arguments>
<arg>${element}</arg>
<arg>timeout=${WEB_TIMEOUT}</arg>
</arguments>
<status status="PASS" starttime="20210822 23:31:49.149" endtime="20210822 23:31:49.167"></status>
</kw>
<kw name="Wait Until Element Is Enabled" library="Selenium2Library">
<doc>Waits until the element ``locator`` is enabled.</doc>
<arguments>
<arg>${element}</arg>
<arg>timeout=${WEB_TIMEOUT}</arg>
</arguments>
<status status="PASS" starttime="20210822 23:31:49.167" endtime="20210822 23:31:49.187"></status>
</kw>
<kw name="Click Element" library="Selenium2Library">
<doc>Click the element identified by ``locator``.</doc>
<arguments>
<arg>${element}</arg>
</arguments>
<msg timestamp="20210822 23:31:49.187" level="INFO">Clicking element '//address-form-feature[@id='shipping']//input[@id='postalCode']'.</msg>
<status status="PASS" starttime="20210822 23:31:49.187" endtime="20210822 23:31:49.267"></status>
</kw>
<status status="PASS" starttime="20210822 23:31:49.148" endtime="20210822 23:31:49.267"></status>
</kw>
<kw name="Input Text Into Field" library="PB_Keywords">
<arguments>
<arg>${checkoutZip}</arg>
<arg>95667</arg>
</arguments>
<kw name="Wait Until Element Is Visible" library="Selenium2Library">
<doc>Waits until the element ``locator`` is visible.</doc>
<arguments>
<arg>${element}</arg>
<arg>timeout=${WEB_TIMEOUT}</arg>
</arguments>
<status status="PASS" starttime="20210822 23:31:49.269" endtime="20210822 23:31:49.287"></status>
</kw>
<kw name="Wait Until Element Is Enabled" library="Selenium2Library">
<doc>Waits until the element ``locator`` is enabled.</doc>
<arguments>
<arg>${element}</arg>
<arg>timeout=${WEB_TIMEOUT}</arg>
</arguments>
<status status="PASS" starttime="20210822 23:31:49.288" endtime="20210822 23:31:49.308"></status>
</kw>
<kw name="Input Text" library="Selenium2Library">
<doc>Types the given ``text`` into the text field identified by ``locator``.</doc>
<arguments>
<arg>${element}</arg>
<arg>${text}</arg>
</arguments>
<msg timestamp="20210822 23:31:49.309" level="INFO">Typing text '95667' into text field '//address-form-feature[@id='shipping']//input[@id='postalCode']'.</msg>
<status status="PASS" starttime="20210822 23:31:49.308" endtime="20210822 23:31:49.386"></status>
</kw>
<status status="PASS" starttime="20210822 23:31:49.268" endtime="20210822 23:31:49.386"></status>
</kw>
<kw name="Click an Element" library="PB_Keywords">
<arguments>
<arg>${checkoutShippingCont}</arg>
</arguments>
<kw name="Wait Until Element Is Visible" library="Selenium2Library">
<doc>Waits until the element ``locator`` is visible.</doc>
<arguments>
<arg>${element}</arg>
<arg>timeout=${WEB_TIMEOUT}</arg>
</arguments>
<status status="PASS" starttime="20210822 23:31:49.388" endtime="20210822 23:31:49.405"></status>
</kw>
<kw name="Wait Until Element Is Enabled" library="Selenium2Library">
<doc>Waits until the element ``locator`` is enabled.</doc>
<arguments>
<arg>${element}</arg>
<arg>timeout=${WEB_TIMEOUT}</arg>
</arguments>
<status status="PASS" starttime="20210822 23:31:49.405" endtime="20210822 23:31:49.425"></status>
</kw>
<kw name="Click Element" library="Selenium2Library">
<doc>Click the element identified by ``locator``.</doc>
<arguments>
<arg>${element}</arg>
</arguments>
<msg timestamp="20210822 23:31:49.425" level="INFO">Clicking element '//address-form-feature[@id='shipping']//button-ui[@name='submit']'.</msg>
<status status="PASS" starttime="20210822 23:31:49.425" endtime="20210822 23:31:49.507"></status>
</kw>
<status status="PASS" starttime="20210822 23:31:49.387" endtime="20210822 23:31:49.508"></status>
</kw>
<kw name="Return Shadow DOM Element" library="PB_Keywords">
<arguments>
<arg>${checkoutShipCont}</arg>
</arguments>
<assign>
<var>${shadowElem}</var>
</assign>
<kw name="Run Keyword And Ignore Error" library="BuiltIn">
<doc>Runs the given keyword with the given arguments and ignores possible error.</doc>
<arguments>
<arg>Execute JavaScript</arg>
<arg>return ${shadowDOMPath}</arg>
</arguments>
<assign>
<var>${pass_fail}</var>
<var>${shadowElem}</var>
</assign>
<kw name="Execute Javascript" library="Selenium2Library">
<doc>Executes the given JavaScript code with possible arguments.</doc>
<arguments>
<arg>return ${shadowDOMPath}</arg>
</arguments>
<msg timestamp="20210822 23:31:49.510" level="INFO">Executing JavaScript:
return document.querySelector('checkout-app').shadowRoot.querySelector('delivery-view').shadowRoot.querySelector('button-ui');
Without any arguments.</msg>
<status status="PASS" starttime="20210822 23:31:49.510" endtime="20210822 23:31:49.523"></status>
</kw>
<msg timestamp="20210822 23:31:49.523" level="INFO">${pass_fail} = PASS</msg>
<msg timestamp="20210822 23:31:49.523" level="INFO">${shadowElem} = None</msg>
<status status="PASS" starttime="20210822 23:31:49.510" endtime="20210822 23:31:49.523"></status>
</kw>
<kw name="${count} IN RANGE [ 0 | ${WEB_TIMEOUT} ]" type="for">
<kw name="${count} = 0" type="foritem">
<kw name="Exit For Loop If" library="BuiltIn">
<doc>Stops executing the enclosing for loop if the ``condition`` is true.</doc>
<arguments>
<arg>'${shadowElem}'!='None'</arg>
</arguments>
<status status="PASS" starttime="20210822 23:31:49.524" endtime="20210822 23:31:49.524"></status>
</kw>
<kw name="Sleep" library="BuiltIn">
<doc>Pauses the test executed for the given time.</doc>
<arguments>
<arg>1s</arg>
</arguments>
<msg timestamp="20210822 23:31:50.536" level="INFO">Slept 1 second</msg>
<status status="PASS" starttime="20210822 23:31:49.524" endtime="20210822 23:31:50.537"></status>
</kw>
<kw name="Run Keyword And Ignore Error" library="BuiltIn">
<doc>Runs the given keyword with the given arguments and ignores possible error.</doc>
<arguments>
<arg>Execute JavaScript</arg>
<arg>return ${shadowDOMPath}</arg>
</arguments>
<assign>
<var>${pass_fail}</var>
<var>${shadowElem}</var>
</assign>
<kw name="Execute Javascript" library="Selenium2Library">
<doc>Executes the given JavaScript code with possible arguments.</doc>
<arguments>
<arg>return ${shadowDOMPath}</arg>
</arguments>
<msg timestamp="20210822 23:31:50.537" level="INFO">Executing JavaScript:
return document.querySelector('checkout-app').shadowRoot.querySelector('delivery-view').shadowRoot.querySelector('button-ui');
Without any arguments.</msg>
<status status="PASS" starttime="20210822 23:31:50.537" endtime="20210822 23:31:51.038"></status>
</kw>
<msg timestamp="20210822 23:31:51.038" level="INFO">${pass_fail} = PASS</msg>
<msg timestamp="20210822 23:31:51.038" level="INFO">${shadowElem} = None</msg>
<status status="PASS" starttime="20210822 23:31:50.537" endtime="20210822 23:31:51.039"></status>
</kw>
<status status="PASS" starttime="20210822 23:31:49.524" endtime="20210822 23:31:51.039"></status>
</kw>
<kw name="${count} = 1" type="foritem">
<kw name="Exit For Loop If" library="BuiltIn">
<doc>Stops executing the enclosing for loop if the ``condition`` is true.</doc>
<arguments>
<arg>'${shadowElem}'!='None'</arg>
</arguments>
<status status="PASS" starttime="20210822 23:31:51.039" endtime="20210822 23:31:51.039"></status>
</kw>
<kw name="Sleep" library="BuiltIn">
<doc>Pauses the test executed for the given time.</doc>
<arguments>
<arg>1s</arg>
</arguments>
<msg timestamp="20210822 23:31:52.041" level="INFO">Slept 1 second</msg>
<status status="PASS" starttime="20210822 23:31:51.039" endtime="20210822 23:31:52.041"></status>
</kw>
<kw name="Run Keyword And Ignore Error" library="BuiltIn">
<doc>Runs the given keyword with the given arguments and ignores possible error.</doc>
<arguments>
<arg>Execute JavaScript</arg>
<arg>return ${shadowDOMPath}</arg>
</arguments>
<assign>
<var>${pass_fail}</var>
<var>${shadowElem}</var>
</assign>
<kw name="Execute Javascript" library="Selenium2Library">
<doc>Executes the given JavaScript code with possible arguments.</doc>
<arguments>
<arg>return ${shadowDOMPath}</arg>
</arguments>
<msg timestamp="20210822 23:31:52.043" level="INFO">Executing JavaScript:
return document.querySelector('checkout-app').shadowRoot.querySelector('delivery-view').shadowRoot.querySelector('button-ui');
Without any arguments.</msg>
<status status="PASS" starttime="20210822 23:31:52.042" endtime="20210822 23:31:52.049"></status>
</kw>
<msg timestamp="20210822 23:31:52.049" level="INFO">${pass_fail} = PASS</msg>
<msg timestamp="20210822 23:31:52.049" level="INFO">${shadowElem} = None</msg>
<status status="PASS" starttime="20210822 23:31:52.041" endtime="20210822 23:31:52.049"></status>
</kw>
<status status="PASS" starttime="20210822 23:31:51.039" endtime="20210822 23:31:52.049"></status>
</kw>
<kw name="${count} = 2" type="foritem">
<kw name="Exit For Loop If" library="BuiltIn">
<doc>Stops executing the enclosing for loop if the ``condition`` is true.</doc>
<arguments>
<arg>'${shadowElem}'!='None'</arg>
</arguments>
<status status="PASS" starttime="20210822 23:31:52.049" endtime="20210822 23:31:52.049"></status>
</kw>
<kw name="Sleep" library="BuiltIn">
<doc>Pauses the test executed for the given time.</doc>
<arguments>
<arg>1s</arg>
</arguments>
<msg timestamp="20210822 23:31:53.064" level="INFO">Slept 1 second</msg>
<status status="PASS" starttime="20210822 23:31:52.050" endtime="20210822 23:31:53.065"></status>
</kw>
<kw name="Run Keyword And Ignore Error" library="BuiltIn">
<doc>Runs the given keyword with the given arguments and ignores possible error.</doc>
<arguments>
<arg>Execute JavaScript</arg>
<arg>return ${shadowDOMPath}</arg>
</arguments>
<assign>
<var>${pass_fail}</var>
<var>${shadowElem}</var>
</assign>
<kw name="Execute Javascript" library="Selenium2Library">
<doc>Executes the given JavaScript code with possible arguments.</doc>
<arguments>
<arg>return ${shadowDOMPath}</arg>
</arguments>
<msg timestamp="20210822 23:31:53.066" level="INFO">Executing JavaScript:
return document.querySelector('checkout-app').shadowRoot.querySelector('delivery-view').shadowRoot.querySelector('button-ui');
Without any arguments.</msg>
<status status="PASS" starttime="20210822 23:31:53.066" endtime="20210822 23:31:53.074"></status>
</kw>
<msg timestamp="20210822 23:31:53.074" level="INFO">${pass_fail} = PASS</msg>
<msg timestamp="20210822 23:31:53.074" level="INFO">${shadowElem} = &lt;selenium.webdriver.remote.webelement.WebElement (session="b82bdb97dd84179beff38e9dc63472ac", element="6eeb4bce-ba5f-4921-92c7-b29a2554529a")&gt;</msg>
<status status="PASS" starttime="20210822 23:31:53.065" endtime="20210822 23:31:53.074"></status>
</kw>
<status status="PASS" starttime="20210822 23:31:52.049" endtime="20210822 23:31:53.074"></status>
</kw>
<kw name="${count} = 3" type="foritem">
<kw name="Exit For Loop If" library="BuiltIn">
<doc>Stops executing the enclosing for loop if the ``condition`` is true.</doc>
<arguments>
<arg>'${shadowElem}'!='None'</arg>
</arguments>
<msg timestamp="20210822 23:31:53.075" level="INFO">Exiting for loop altogether.</msg>
<status status="PASS" starttime="20210822 23:31:53.074" endtime="20210822 23:31:53.075"></status>
</kw>
<status status="PASS" starttime="20210822 23:31:53.074" endtime="20210822 23:31:53.075"></status>
</kw>
<status status="PASS" starttime="20210822 23:31:49.523" endtime="20210822 23:31:53.075"></status>
</kw>
<kw name="Sleep" library="BuiltIn">
<doc>Pauses the test executed for the given time.</doc>
<arguments>
<arg>1s</arg>
</arguments>
<msg timestamp="20210822 23:31:54.085" level="INFO">Slept 1 second</msg>
<status status="PASS" starttime="20210822 23:31:53.075" endtime="20210822 23:31:54.085"></status>
</kw>
<kw name="Scroll Element Into View" library="Selenium2Library">
<doc>Scrolls the element identified by ``locator`` into view.</doc>
<arguments>
<arg>${shadowElem}</arg>
</arguments>
<status status="PASS" starttime="20210822 23:31:54.085" endtime="20210822 23:31:54.351"></status>
</kw>
<msg timestamp="20210822 23:31:54.352" level="INFO">${shadowElem} = &lt;selenium.webdriver.remote.webelement.WebElement (session="b82bdb97dd84179beff38e9dc63472ac", element="6eeb4bce-ba5f-4921-92c7-b29a2554529a")&gt;</msg>
<status status="PASS" starttime="20210822 23:31:49.509" endtime="20210822 23:31:54.352"></status>
</kw>
<kw name="Click an Element" library="PB_Keywords">
<arguments>
<arg>${shadowElem}</arg>
</arguments>
<kw name="Wait Until Element Is Visible" library="Selenium2Library">
<doc>Waits until the element ``locator`` is visible.</doc>
<arguments>
<arg>${element}</arg>
<arg>timeout=${WEB_TIMEOUT}</arg>
</arguments>
<status status="PASS" starttime="20210822 23:31:54.354" endtime="20210822 23:31:54.365"></status>
</kw>
<kw name="Wait Until Element Is Enabled" library="Selenium2Library">
<doc>Waits until the element ``locator`` is enabled.</doc>
<arguments>
<arg>${element}</arg>
<arg>timeout=${WEB_TIMEOUT}</arg>
</arguments>
<status status="PASS" starttime="20210822 23:31:54.365" endtime="20210822 23:31:54.381"></status>
</kw>
<kw name="Click Element" library="Selenium2Library">
<doc>Click the element identified by ``locator``.</doc>
<arguments>
<arg>${element}</arg>
</arguments>
<msg timestamp="20210822 23:31:54.382" level="INFO">Clicking element '&lt;selenium.webdriver.remote.webelement.WebElement (session="b82bdb97dd84179beff38e9dc63472ac", element="6eeb4bce-ba5f-4921-92c7-b29a2554529a")&gt;'.</msg>
<status status="PASS" starttime="20210822 23:31:54.381" endtime="20210822 23:31:54.645"></status>
</kw>
<status status="PASS" starttime="20210822 23:31:54.353" endtime="20210822 23:31:54.645"></status>
</kw>
<kw name="Return Shadow DOM Element" library="PB_Keywords">
<arguments>
<arg>${checkoutPlaceOrder}</arg>
</arguments>
<assign>
<var>${shadowElem}</var>
</assign>
<kw name="Run Keyword And Ignore Error" library="BuiltIn">
<doc>Runs the given keyword with the given arguments and ignores possible error.</doc>
<arguments>
<arg>Execute JavaScript</arg>
<arg>return ${shadowDOMPath}</arg>
</arguments>
<assign>
<var>${pass_fail}</var>
<var>${shadowElem}</var>
</assign>
<kw name="Execute Javascript" library="Selenium2Library">
<doc>Executes the given JavaScript code with possible arguments.</doc>
<arguments>
<arg>return ${shadowDOMPath}</arg>
</arguments>
<msg timestamp="20210822 23:31:54.650" level="INFO">Executing JavaScript:
return document.querySelector('checkout-app').shadowRoot.querySelector('payment-region').shadowRoot.querySelector('place-order-view').shadowRoot.querySelector('button-ui');
Without any arguments.</msg>
<status status="PASS" starttime="20210822 23:31:54.650" endtime="20210822 23:31:54.658"></status>
</kw>
<msg timestamp="20210822 23:31:54.658" level="INFO">${pass_fail} = PASS</msg>
<msg timestamp="20210822 23:31:54.658" level="INFO">${shadowElem} = &lt;selenium.webdriver.remote.webelement.WebElement (session="b82bdb97dd84179beff38e9dc63472ac", element="1efcabae-c83f-4b63-96a9-0d9179f99378")&gt;</msg>
<status status="PASS" starttime="20210822 23:31:54.648" endtime="20210822 23:31:54.658"></status>
</kw>
<kw name="${count} IN RANGE [ 0 | ${WEB_TIMEOUT} ]" type="for">
<kw name="${count} = 0" type="foritem">
<kw name="Exit For Loop If" library="BuiltIn">
<doc>Stops executing the enclosing for loop if the ``condition`` is true.</doc>
<arguments>
<arg>'${shadowElem}'!='None'</arg>
</arguments>
<msg timestamp="20210822 23:31:54.659" level="INFO">Exiting for loop altogether.</msg>
<status status="PASS" starttime="20210822 23:31:54.659" endtime="20210822 23:31:54.659"></status>
</kw>
<status status="PASS" starttime="20210822 23:31:54.658" endtime="20210822 23:31:54.659"></status>
</kw>
<status status="PASS" starttime="20210822 23:31:54.658" endtime="20210822 23:31:54.659"></status>
</kw>
<kw name="Sleep" library="BuiltIn">
<doc>Pauses the test executed for the given time.</doc>
<arguments>
<arg>1s</arg>
</arguments>
<msg timestamp="20210822 23:31:55.661" level="INFO">Slept 1 second</msg>
<status status="PASS" starttime="20210822 23:31:54.659" endtime="20210822 23:31:55.661"></status>
</kw>
<kw name="Scroll Element Into View" library="Selenium2Library">
<doc>Scrolls the element identified by ``locator`` into view.</doc>
<arguments>
<arg>${shadowElem}</arg>
</arguments>
<status status="PASS" starttime="20210822 23:31:55.661" endtime="20210822 23:31:56.805"></status>
</kw>
<msg timestamp="20210822 23:31:56.805" level="INFO">${shadowElem} = &lt;selenium.webdriver.remote.webelement.WebElement (session="b82bdb97dd84179beff38e9dc63472ac", element="1efcabae-c83f-4b63-96a9-0d9179f99378")&gt;</msg>
<status status="PASS" starttime="20210822 23:31:54.647" endtime="20210822 23:31:56.805"></status>
</kw>
<kw name="Click an Element" library="PB_Keywords">
<arguments>
<arg>${shadowElem}</arg>
</arguments>
<kw name="Wait Until Element Is Visible" library="Selenium2Library">
<doc>Waits until the element ``locator`` is visible.</doc>
<arguments>
<arg>${element}</arg>
<arg>timeout=${WEB_TIMEOUT}</arg>
</arguments>
<status status="PASS" starttime="20210822 23:31:56.807" endtime="20210822 23:31:56.818"></status>
</kw>
<kw name="Wait Until Element Is Enabled" library="Selenium2Library">
<doc>Waits until the element ``locator`` is enabled.</doc>
<arguments>
<arg>${element}</arg>
<arg>timeout=${WEB_TIMEOUT}</arg>
</arguments>
<status status="PASS" starttime="20210822 23:31:56.818" endtime="20210822 23:31:56.835"></status>
</kw>
<kw name="Click Element" library="Selenium2Library">
<doc>Click the element identified by ``locator``.</doc>
<arguments>
<arg>${element}</arg>
</arguments>
<msg timestamp="20210822 23:31:56.836" level="INFO">Clicking element '&lt;selenium.webdriver.remote.webelement.WebElement (session="b82bdb97dd84179beff38e9dc63472ac", element="1efcabae-c83f-4b63-96a9-0d9179f99378")&gt;'.</msg>
<status status="PASS" starttime="20210822 23:31:56.835" endtime="20210822 23:31:56.912"></status>
</kw>
<status status="PASS" starttime="20210822 23:31:56.806" endtime="20210822 23:31:56.913"></status>
</kw>
<kw name="Return Shadow DOM Element" library="PB_Keywords">
<arguments>
<arg>${checkoutEmailErr1}</arg>
</arguments>
<assign>
<var>${shadowElem}</var>
</assign>
<kw name="Run Keyword And Ignore Error" library="BuiltIn">
<doc>Runs the given keyword with the given arguments and ignores possible error.</doc>
<arguments>
<arg>Execute JavaScript</arg>
<arg>return ${shadowDOMPath}</arg>
</arguments>
<assign>
<var>${pass_fail}</var>
<var>${shadowElem}</var>
</assign>
<kw name="Execute Javascript" library="Selenium2Library">
<doc>Executes the given JavaScript code with possible arguments.</doc>
<arguments>
<arg>return ${shadowDOMPath}</arg>
</arguments>
<msg timestamp="20210822 23:31:56.916" level="INFO">Executing JavaScript:
return document.querySelector('checkout-app').shadowRoot.querySelector('payment-region').shadowRoot.querySelector('place-order-view').shadowRoot.querySelector('error-message-ui');
Without any arguments.</msg>
<status status="PASS" starttime="20210822 23:31:56.915" endtime="20210822 23:31:56.924"></status>
</kw>
<msg timestamp="20210822 23:31:56.924" level="INFO">${pass_fail} = PASS</msg>
<msg timestamp="20210822 23:31:56.924" level="INFO">${shadowElem} = &lt;selenium.webdriver.remote.webelement.WebElement (session="b82bdb97dd84179beff38e9dc63472ac", element="2fff614b-2e67-4c17-b98d-6e59d7d1a51c")&gt;</msg>
<status status="PASS" starttime="20210822 23:31:56.915" endtime="20210822 23:31:56.924"></status>
</kw>
<kw name="${count} IN RANGE [ 0 | ${WEB_TIMEOUT} ]" type="for">
<kw name="${count} = 0" type="foritem">
<kw name="Exit For Loop If" library="BuiltIn">
<doc>Stops executing the enclosing for loop if the ``condition`` is true.</doc>
<arguments>
<arg>'${shadowElem}'!='None'</arg>
</arguments>
<msg timestamp="20210822 23:31:56.925" level="INFO">Exiting for loop altogether.</msg>
<status status="PASS" starttime="20210822 23:31:56.925" endtime="20210822 23:31:56.925"></status>
</kw>
<status status="PASS" starttime="20210822 23:31:56.925" endtime="20210822 23:31:56.925"></status>
</kw>
<status status="PASS" starttime="20210822 23:31:56.924" endtime="20210822 23:31:56.925"></status>
</kw>
<kw name="Sleep" library="BuiltIn">
<doc>Pauses the test executed for the given time.</doc>
<arguments>
<arg>1s</arg>
</arguments>
<msg timestamp="20210822 23:31:57.930" level="INFO">Slept 1 second</msg>
<status status="PASS" starttime="20210822 23:31:56.926" endtime="20210822 23:31:57.930"></status>
</kw>
<kw name="Scroll Element Into View" library="Selenium2Library">
<doc>Scrolls the element identified by ``locator`` into view.</doc>
<arguments>
<arg>${shadowElem}</arg>
</arguments>
<status status="PASS" starttime="20210822 23:31:57.930" endtime="20210822 23:31:58.214"></status>
</kw>
<msg timestamp="20210822 23:31:58.214" level="INFO">${shadowElem} = &lt;selenium.webdriver.remote.webelement.WebElement (session="b82bdb97dd84179beff38e9dc63472ac", element="2fff614b-2e67-4c17-b98d-6e59d7d1a51c")&gt;</msg>
<status status="PASS" starttime="20210822 23:31:56.914" endtime="20210822 23:31:58.214"></status>
</kw>
<kw name="Get Text" library="Selenium2Library">
<doc>Returns the text value of the element identified by ``locator``.</doc>
<arguments>
<arg>${shadowElem}</arg>
</arguments>
<assign>
<var>${errorMsg}</var>
</assign>
<msg timestamp="20210822 23:31:58.227" level="INFO">${errorMsg} = Please enter a valid email address to place your order.</msg>
<status status="PASS" starttime="20210822 23:31:58.215" endtime="20210822 23:31:58.227"></status>
</kw>
<kw name="Should Contain" library="BuiltIn">
<doc>Fails if ``container`` does not contain ``item`` one or more times.</doc>
<arguments>
<arg>${errorMsg}</arg>
<arg>Please enter a valid email address to place your order.</arg>
</arguments>
<status status="PASS" starttime="20210822 23:31:58.229" endtime="20210822 23:31:58.229"></status>
</kw>
<kw name="Click an Element" library="PB_Keywords">
<arguments>
<arg>${checkoutEmail}</arg>
</arguments>
<kw name="Wait Until Element Is Visible" library="Selenium2Library">
<doc>Waits until the element ``locator`` is visible.</doc>
<arguments>
<arg>${element}</arg>
<arg>timeout=${WEB_TIMEOUT}</arg>
</arguments>
<status status="PASS" starttime="20210822 23:31:58.230" endtime="20210822 23:31:58.252"></status>
</kw>
<kw name="Wait Until Element Is Enabled" library="Selenium2Library">
<doc>Waits until the element ``locator`` is enabled.</doc>
<arguments>
<arg>${element}</arg>
<arg>timeout=${WEB_TIMEOUT}</arg>
</arguments>
<status status="PASS" starttime="20210822 23:31:58.252" endtime="20210822 23:31:58.276"></status>
</kw>
<kw name="Click Element" library="Selenium2Library">
<doc>Click the element identified by ``locator``.</doc>
<arguments>
<arg>${element}</arg>
</arguments>
<msg timestamp="20210822 23:31:58.276" level="INFO">Clicking element '//*[@id="email"]'.</msg>
<status status="PASS" starttime="20210822 23:31:58.276" endtime="20210822 23:31:58.370"></status>
</kw>
<status status="PASS" starttime="20210822 23:31:58.230" endtime="20210822 23:31:58.371"></status>
</kw>
<kw name="Input Text Into Field" library="PB_Keywords">
<arguments>
<arg>${checkoutEmail}</arg>
<arg>test@tester.com</arg>
</arguments>
<kw name="Wait Until Element Is Visible" library="Selenium2Library">
<doc>Waits until the element ``locator`` is visible.</doc>
<arguments>
<arg>${element}</arg>
<arg>timeout=${WEB_TIMEOUT}</arg>
</arguments>
<status status="PASS" starttime="20210822 23:31:58.372" endtime="20210822 23:31:58.393"></status>
</kw>
<kw name="Wait Until Element Is Enabled" library="Selenium2Library">
<doc>Waits until the element ``locator`` is enabled.</doc>
<arguments>
<arg>${element}</arg>
<arg>timeout=${WEB_TIMEOUT}</arg>
</arguments>
<status status="PASS" starttime="20210822 23:31:58.393" endtime="20210822 23:31:58.420"></status>
</kw>
<kw name="Input Text" library="Selenium2Library">
<doc>Types the given ``text`` into the text field identified by ``locator``.</doc>
<arguments>
<arg>${element}</arg>
<arg>${text}</arg>
</arguments>
<msg timestamp="20210822 23:31:58.420" level="INFO">Typing text 'test@tester.com' into text field '//*[@id="email"]'.</msg>
<status status="PASS" starttime="20210822 23:31:58.420" endtime="20210822 23:31:58.727"></status>
</kw>
<status status="PASS" starttime="20210822 23:31:58.372" endtime="20210822 23:31:58.727"></status>
</kw>
<kw name="Return Shadow DOM Element" library="PB_Keywords">
<arguments>
<arg>${checkoutPlaceOrder}</arg>
</arguments>
<assign>
<var>${shadowElem}</var>
</assign>
<kw name="Run Keyword And Ignore Error" library="BuiltIn">
<doc>Runs the given keyword with the given arguments and ignores possible error.</doc>
<arguments>
<arg>Execute JavaScript</arg>
<arg>return ${shadowDOMPath}</arg>
</arguments>
<assign>
<var>${pass_fail}</var>
<var>${shadowElem}</var>
</assign>
<kw name="Execute Javascript" library="Selenium2Library">
<doc>Executes the given JavaScript code with possible arguments.</doc>
<arguments>
<arg>return ${shadowDOMPath}</arg>
</arguments>
<msg timestamp="20210822 23:31:58.732" level="INFO">Executing JavaScript:
return document.querySelector('checkout-app').shadowRoot.querySelector('payment-region').shadowRoot.querySelector('place-order-view').shadowRoot.querySelector('button-ui');
Without any arguments.</msg>
<status status="PASS" starttime="20210822 23:31:58.731" endtime="20210822 23:31:58.737"></status>
</kw>
<msg timestamp="20210822 23:31:58.738" level="INFO">${pass_fail} = PASS</msg>
<msg timestamp="20210822 23:31:58.738" level="INFO">${shadowElem} = &lt;selenium.webdriver.remote.webelement.WebElement (session="b82bdb97dd84179beff38e9dc63472ac", element="1efcabae-c83f-4b63-96a9-0d9179f99378")&gt;</msg>
<status status="PASS" starttime="20210822 23:31:58.730" endtime="20210822 23:31:58.739"></status>
</kw>
<kw name="${count} IN RANGE [ 0 | ${WEB_TIMEOUT} ]" type="for">
<kw name="${count} = 0" type="foritem">
<kw name="Exit For Loop If" library="BuiltIn">
<doc>Stops executing the enclosing for loop if the ``condition`` is true.</doc>
<arguments>
<arg>'${shadowElem}'!='None'</arg>
</arguments>
<msg timestamp="20210822 23:31:58.740" level="INFO">Exiting for loop altogether.</msg>
<status status="PASS" starttime="20210822 23:31:58.739" endtime="20210822 23:31:58.740"></status>
</kw>
<status status="PASS" starttime="20210822 23:31:58.739" endtime="20210822 23:31:58.740"></status>
</kw>
<status status="PASS" starttime="20210822 23:31:58.739" endtime="20210822 23:31:58.740"></status>
</kw>
<kw name="Sleep" library="BuiltIn">
<doc>Pauses the test executed for the given time.</doc>
<arguments>
<arg>1s</arg>
</arguments>
<msg timestamp="20210822 23:31:59.750" level="INFO">Slept 1 second</msg>
<status status="PASS" starttime="20210822 23:31:58.740" endtime="20210822 23:31:59.750"></status>
</kw>
<kw name="Scroll Element Into View" library="Selenium2Library">
<doc>Scrolls the element identified by ``locator`` into view.</doc>
<arguments>
<arg>${shadowElem}</arg>
</arguments>
<status status="PASS" starttime="20210822 23:31:59.750" endtime="20210822 23:32:00.029"></status>
</kw>
<msg timestamp="20210822 23:32:00.030" level="INFO">${shadowElem} = &lt;selenium.webdriver.remote.webelement.WebElement (session="b82bdb97dd84179beff38e9dc63472ac", element="1efcabae-c83f-4b63-96a9-0d9179f99378")&gt;</msg>
<status status="PASS" starttime="20210822 23:31:58.729" endtime="20210822 23:32:00.030"></status>
</kw>
<kw name="Click an Element" library="PB_Keywords">
<arguments>
<arg>${shadowElem}</arg>
</arguments>
<kw name="Wait Until Element Is Visible" library="Selenium2Library">
<doc>Waits until the element ``locator`` is visible.</doc>
<arguments>
<arg>${element}</arg>
<arg>timeout=${WEB_TIMEOUT}</arg>
</arguments>
<status status="PASS" starttime="20210822 23:32:00.031" endtime="20210822 23:32:00.042"></status>
</kw>
<kw name="Wait Until Element Is Enabled" library="Selenium2Library">
<doc>Waits until the element ``locator`` is enabled.</doc>
<arguments>
<arg>${element}</arg>
<arg>timeout=${WEB_TIMEOUT}</arg>
</arguments>
<status status="PASS" starttime="20210822 23:32:00.042" endtime="20210822 23:32:00.056"></status>
</kw>
<kw name="Click Element" library="Selenium2Library">
<doc>Click the element identified by ``locator``.</doc>
<arguments>
<arg>${element}</arg>
</arguments>
<msg timestamp="20210822 23:32:00.057" level="INFO">Clicking element '&lt;selenium.webdriver.remote.webelement.WebElement (session="b82bdb97dd84179beff38e9dc63472ac", element="1efcabae-c83f-4b63-96a9-0d9179f99378")&gt;'.</msg>
<status status="PASS" starttime="20210822 23:32:00.057" endtime="20210822 23:32:00.187"></status>
</kw>
<status status="PASS" starttime="20210822 23:32:00.031" endtime="20210822 23:32:00.187"></status>
</kw>
<kw name="Return Shadow DOM Element" library="PB_Keywords">
<arguments>
<arg>${checkoutErr}</arg>
</arguments>
<assign>
<var>${shadowElem}</var>
</assign>
<kw name="Run Keyword And Ignore Error" library="BuiltIn">
<doc>Runs the given keyword with the given arguments and ignores possible error.</doc>
<arguments>
<arg>Execute JavaScript</arg>
<arg>return ${shadowDOMPath}</arg>
</arguments>
<assign>
<var>${pass_fail}</var>
<var>${shadowElem}</var>
</assign>
<kw name="Execute Javascript" library="Selenium2Library">
<doc>Executes the given JavaScript code with possible arguments.</doc>
<arguments>
<arg>return ${shadowDOMPath}</arg>
</arguments>
<msg timestamp="20210822 23:32:00.190" level="INFO">Executing JavaScript:
return document.querySelector('checkout-app').shadowRoot.querySelector('payment-region').shadowRoot.querySelector('credit-card-view').shadowRoot.querySelector('credit-card-payment-feature').shadowRoot.querySelector('error-message-ui');
Without any arguments.</msg>
<status status="PASS" starttime="20210822 23:32:00.190" endtime="20210822 23:32:00.195"></status>
</kw>
<msg timestamp="20210822 23:32:00.196" level="INFO">${pass_fail} = PASS</msg>
<msg timestamp="20210822 23:32:00.196" level="INFO">${shadowElem} = None</msg>
<status status="PASS" starttime="20210822 23:32:00.189" endtime="20210822 23:32:00.196"></status>
</kw>
<kw name="${count} IN RANGE [ 0 | ${WEB_TIMEOUT} ]" type="for">
<kw name="${count} = 0" type="foritem">
<kw name="Exit For Loop If" library="BuiltIn">
<doc>Stops executing the enclosing for loop if the ``condition`` is true.</doc>
<arguments>
<arg>'${shadowElem}'!='None'</arg>
</arguments>
<status status="PASS" starttime="20210822 23:32:00.197" endtime="20210822 23:32:00.198"></status>
</kw>
<kw name="Sleep" library="BuiltIn">
<doc>Pauses the test executed for the given time.</doc>
<arguments>
<arg>1s</arg>
</arguments>
<msg timestamp="20210822 23:32:01.205" level="INFO">Slept 1 second</msg>
<status status="PASS" starttime="20210822 23:32:00.198" endtime="20210822 23:32:01.205"></status>
</kw>
<kw name="Run Keyword And Ignore Error" library="BuiltIn">
<doc>Runs the given keyword with the given arguments and ignores possible error.</doc>
<arguments>
<arg>Execute JavaScript</arg>
<arg>return ${shadowDOMPath}</arg>
</arguments>
<assign>
<var>${pass_fail}</var>
<var>${shadowElem}</var>
</assign>
<kw name="Execute Javascript" library="Selenium2Library">
<doc>Executes the given JavaScript code with possible arguments.</doc>
<arguments>
<arg>return ${shadowDOMPath}</arg>
</arguments>
<msg timestamp="20210822 23:32:01.207" level="INFO">Executing JavaScript:
return document.querySelector('checkout-app').shadowRoot.querySelector('payment-region').shadowRoot.querySelector('credit-card-view').shadowRoot.querySelector('credit-card-payment-feature').shadowRoot.querySelector('error-message-ui');
Without any arguments.</msg>
<status status="PASS" starttime="20210822 23:32:01.206" endtime="20210822 23:32:01.213"></status>
</kw>
<msg timestamp="20210822 23:32:01.213" level="INFO">${pass_fail} = PASS</msg>
<msg timestamp="20210822 23:32:01.213" level="INFO">${shadowElem} = &lt;selenium.webdriver.remote.webelement.WebElement (session="b82bdb97dd84179beff38e9dc63472ac", element="6d0b31fb-486e-4830-8b6e-5179492a1e91")&gt;</msg>
<status status="PASS" starttime="20210822 23:32:01.206" endtime="20210822 23:32:01.213"></status>
</kw>
<status status="PASS" starttime="20210822 23:32:00.196" endtime="20210822 23:32:01.213"></status>
</kw>
<kw name="${count} = 1" type="foritem">
<kw name="Exit For Loop If" library="BuiltIn">
<doc>Stops executing the enclosing for loop if the ``condition`` is true.</doc>
<arguments>
<arg>'${shadowElem}'!='None'</arg>
</arguments>
<msg timestamp="20210822 23:32:01.214" level="INFO">Exiting for loop altogether.</msg>
<status status="PASS" starttime="20210822 23:32:01.213" endtime="20210822 23:32:01.214"></status>
</kw>
<status status="PASS" starttime="20210822 23:32:01.213" endtime="20210822 23:32:01.214"></status>
</kw>
<status status="PASS" starttime="20210822 23:32:00.196" endtime="20210822 23:32:01.214"></status>
</kw>
<kw name="Sleep" library="BuiltIn">
<doc>Pauses the test executed for the given time.</doc>
<arguments>
<arg>1s</arg>
</arguments>
<msg timestamp="20210822 23:32:02.225" level="INFO">Slept 1 second</msg>
<status status="PASS" starttime="20210822 23:32:01.214" endtime="20210822 23:32:02.225"></status>
</kw>
<kw name="Scroll Element Into View" library="Selenium2Library">
<doc>Scrolls the element identified by ``locator`` into view.</doc>
<arguments>
<arg>${shadowElem}</arg>
</arguments>
<status status="PASS" starttime="20210822 23:32:02.225" endtime="20210822 23:32:02.508"></status>
</kw>
<msg timestamp="20210822 23:32:02.508" level="INFO">${shadowElem} = &lt;selenium.webdriver.remote.webelement.WebElement (session="b82bdb97dd84179beff38e9dc63472ac", element="6d0b31fb-486e-4830-8b6e-5179492a1e91")&gt;</msg>
<status status="PASS" starttime="20210822 23:32:00.189" endtime="20210822 23:32:02.508"></status>
</kw>
<kw name="Get Text" library="Selenium2Library">
<doc>Returns the text value of the element identified by ``locator``.</doc>
<arguments>
<arg>${shadowElem}</arg>
</arguments>
<assign>
<var>${errorMsg}</var>
</assign>
<msg timestamp="20210822 23:32:02.522" level="INFO">${errorMsg} = Please enter your credit card number.</msg>
<status status="PASS" starttime="20210822 23:32:02.509" endtime="20210822 23:32:02.522"></status>
</kw>
<kw name="Should Contain" library="BuiltIn">
<doc>Fails if ``container`` does not contain ``item`` one or more times.</doc>
<arguments>
<arg>${errorMsg}</arg>
<arg>Please enter your credit card number.</arg>
</arguments>
<status status="PASS" starttime="20210822 23:32:02.523" endtime="20210822 23:32:02.523"></status>
</kw>
<kw name="Click an Element" library="PB_Keywords">
<arguments>
<arg>${checkoutCCNum}</arg>
</arguments>
<kw name="Wait Until Element Is Visible" library="Selenium2Library">
<doc>Waits until the element ``locator`` is visible.</doc>
<arguments>
<arg>${element}</arg>
<arg>timeout=${WEB_TIMEOUT}</arg>
</arguments>
<status status="PASS" starttime="20210822 23:32:02.525" endtime="20210822 23:32:02.546"></status>
</kw>
<kw name="Wait Until Element Is Enabled" library="Selenium2Library">
<doc>Waits until the element ``locator`` is enabled.</doc>
<arguments>
<arg>${element}</arg>
<arg>timeout=${WEB_TIMEOUT}</arg>
</arguments>
<status status="PASS" starttime="20210822 23:32:02.546" endtime="20210822 23:32:02.568"></status>
</kw>
<kw name="Click Element" library="Selenium2Library">
<doc>Click the element identified by ``locator``.</doc>
<arguments>
<arg>${element}</arg>
</arguments>
<msg timestamp="20210822 23:32:02.569" level="INFO">Clicking element '//*[@id="creditCardNumber"]'.</msg>
<status status="PASS" starttime="20210822 23:32:02.569" endtime="20210822 23:32:02.651"></status>
</kw>
<status status="PASS" starttime="20210822 23:32:02.525" endtime="20210822 23:32:02.651"></status>
</kw>
<kw name="Input Text Into Field" library="PB_Keywords">
<arguments>
<arg>${checkoutCCNum}</arg>
<arg>4111111111111111</arg>
</arguments>
<kw name="Wait Until Element Is Visible" library="Selenium2Library">
<doc>Waits until the element ``locator`` is visible.</doc>
<arguments>
<arg>${element}</arg>
<arg>timeout=${WEB_TIMEOUT}</arg>
</arguments>
<status status="PASS" starttime="20210822 23:32:02.653" endtime="20210822 23:32:02.675"></status>
</kw>
<kw name="Wait Until Element Is Enabled" library="Selenium2Library">
<doc>Waits until the element ``locator`` is enabled.</doc>
<arguments>
<arg>${element}</arg>
<arg>timeout=${WEB_TIMEOUT}</arg>
</arguments>
<status status="PASS" starttime="20210822 23:32:02.676" endtime="20210822 23:32:02.700"></status>
</kw>
<kw name="Input Text" library="Selenium2Library">
<doc>Types the given ``text`` into the text field identified by ``locator``.</doc>
<arguments>
<arg>${element}</arg>
<arg>${text}</arg>
</arguments>
<msg timestamp="20210822 23:32:02.701" level="INFO">Typing text '4111111111111111' into text field '//*[@id="creditCardNumber"]'.</msg>
<status status="PASS" starttime="20210822 23:32:02.701" endtime="20210822 23:32:02.995"></status>
</kw>
<status status="PASS" starttime="20210822 23:32:02.652" endtime="20210822 23:32:02.995"></status>
</kw>
<kw name="Return Shadow DOM Element" library="PB_Keywords">
<arguments>
<arg>${checkoutPlaceOrder}</arg>
</arguments>
<assign>
<var>${shadowElem}</var>
</assign>
<kw name="Run Keyword And Ignore Error" library="BuiltIn">
<doc>Runs the given keyword with the given arguments and ignores possible error.</doc>
<arguments>
<arg>Execute JavaScript</arg>
<arg>return ${shadowDOMPath}</arg>
</arguments>
<assign>
<var>${pass_fail}</var>
<var>${shadowElem}</var>
</assign>
<kw name="Execute Javascript" library="Selenium2Library">
<doc>Executes the given JavaScript code with possible arguments.</doc>
<arguments>
<arg>return ${shadowDOMPath}</arg>
</arguments>
<msg timestamp="20210822 23:32:03.000" level="INFO">Executing JavaScript:
return document.querySelector('checkout-app').shadowRoot.querySelector('payment-region').shadowRoot.querySelector('place-order-view').shadowRoot.querySelector('button-ui');
Without any arguments.</msg>
<status status="PASS" starttime="20210822 23:32:02.998" endtime="20210822 23:32:03.006"></status>
</kw>
<msg timestamp="20210822 23:32:03.006" level="INFO">${pass_fail} = PASS</msg>
<msg timestamp="20210822 23:32:03.006" level="INFO">${shadowElem} = &lt;selenium.webdriver.remote.webelement.WebElement (session="b82bdb97dd84179beff38e9dc63472ac", element="1efcabae-c83f-4b63-96a9-0d9179f99378")&gt;</msg>
<status status="PASS" starttime="20210822 23:32:02.998" endtime="20210822 23:32:03.007"></status>
</kw>
<kw name="${count} IN RANGE [ 0 | ${WEB_TIMEOUT} ]" type="for">
<kw name="${count} = 0" type="foritem">
<kw name="Exit For Loop If" library="BuiltIn">
<doc>Stops executing the enclosing for loop if the ``condition`` is true.</doc>
<arguments>
<arg>'${shadowElem}'!='None'</arg>
</arguments>
<msg timestamp="20210822 23:32:03.008" level="INFO">Exiting for loop altogether.</msg>
<status status="PASS" starttime="20210822 23:32:03.007" endtime="20210822 23:32:03.008"></status>
</kw>
<status status="PASS" starttime="20210822 23:32:03.007" endtime="20210822 23:32:03.008"></status>
</kw>
<status status="PASS" starttime="20210822 23:32:03.007" endtime="20210822 23:32:03.008"></status>
</kw>
<kw name="Sleep" library="BuiltIn">
<doc>Pauses the test executed for the given time.</doc>
<arguments>
<arg>1s</arg>
</arguments>
<msg timestamp="20210822 23:32:04.011" level="INFO">Slept 1 second</msg>
<status status="PASS" starttime="20210822 23:32:03.008" endtime="20210822 23:32:04.011"></status>
</kw>
<kw name="Scroll Element Into View" library="Selenium2Library">
<doc>Scrolls the element identified by ``locator`` into view.</doc>
<arguments>
<arg>${shadowElem}</arg>
</arguments>
<status status="PASS" starttime="20210822 23:32:04.012" endtime="20210822 23:32:04.295"></status>
</kw>
<msg timestamp="20210822 23:32:04.295" level="INFO">${shadowElem} = &lt;selenium.webdriver.remote.webelement.WebElement (session="b82bdb97dd84179beff38e9dc63472ac", element="1efcabae-c83f-4b63-96a9-0d9179f99378")&gt;</msg>
<status status="PASS" starttime="20210822 23:32:02.997" endtime="20210822 23:32:04.295"></status>
</kw>
<kw name="Click an Element" library="PB_Keywords">
<arguments>
<arg>${shadowElem}</arg>
</arguments>
<kw name="Wait Until Element Is Visible" library="Selenium2Library">
<doc>Waits until the element ``locator`` is visible.</doc>
<arguments>
<arg>${element}</arg>
<arg>timeout=${WEB_TIMEOUT}</arg>
</arguments>
<status status="PASS" starttime="20210822 23:32:04.297" endtime="20210822 23:32:04.308"></status>
</kw>
<kw name="Wait Until Element Is Enabled" library="Selenium2Library">
<doc>Waits until the element ``locator`` is enabled.</doc>
<arguments>
<arg>${element}</arg>
<arg>timeout=${WEB_TIMEOUT}</arg>
</arguments>
<status status="PASS" starttime="20210822 23:32:04.308" endtime="20210822 23:32:04.321"></status>
</kw>
<kw name="Click Element" library="Selenium2Library">
<doc>Click the element identified by ``locator``.</doc>
<arguments>
<arg>${element}</arg>
</arguments>
<msg timestamp="20210822 23:32:04.321" level="INFO">Clicking element '&lt;selenium.webdriver.remote.webelement.WebElement (session="b82bdb97dd84179beff38e9dc63472ac", element="1efcabae-c83f-4b63-96a9-0d9179f99378")&gt;'.</msg>
<status status="PASS" starttime="20210822 23:32:04.321" endtime="20210822 23:32:04.407"></status>
</kw>
<status status="PASS" starttime="20210822 23:32:04.296" endtime="20210822 23:32:04.407"></status>
</kw>
<kw name="Return Shadow DOM Element" library="PB_Keywords">
<arguments>
<arg>${checkoutErr}</arg>
</arguments>
<assign>
<var>${shadowElem}</var>
</assign>
<kw name="Run Keyword And Ignore Error" library="BuiltIn">
<doc>Runs the given keyword with the given arguments and ignores possible error.</doc>
<arguments>
<arg>Execute JavaScript</arg>
<arg>return ${shadowDOMPath}</arg>
</arguments>
<assign>
<var>${pass_fail}</var>
<var>${shadowElem}</var>
</assign>
<kw name="Execute Javascript" library="Selenium2Library">
<doc>Executes the given JavaScript code with possible arguments.</doc>
<arguments>
<arg>return ${shadowDOMPath}</arg>
</arguments>
<msg timestamp="20210822 23:32:04.409" level="INFO">Executing JavaScript:
return document.querySelector('checkout-app').shadowRoot.querySelector('payment-region').shadowRoot.querySelector('credit-card-view').shadowRoot.querySelector('credit-card-payment-feature').shadowRoot.querySelector('error-message-ui');
Without any arguments.</msg>
<status status="PASS" starttime="20210822 23:32:04.408" endtime="20210822 23:32:04.415"></status>
</kw>
<msg timestamp="20210822 23:32:04.415" level="INFO">${pass_fail} = PASS</msg>
<msg timestamp="20210822 23:32:04.415" level="INFO">${shadowElem} = None</msg>
<status status="PASS" starttime="20210822 23:32:04.408" endtime="20210822 23:32:04.415"></status>
</kw>
<kw name="${count} IN RANGE [ 0 | ${WEB_TIMEOUT} ]" type="for">
<kw name="${count} = 0" type="foritem">
<kw name="Exit For Loop If" library="BuiltIn">
<doc>Stops executing the enclosing for loop if the ``condition`` is true.</doc>
<arguments>
<arg>'${shadowElem}'!='None'</arg>
</arguments>
<status status="PASS" starttime="20210822 23:32:04.416" endtime="20210822 23:32:04.416"></status>
</kw>
<kw name="Sleep" library="BuiltIn">
<doc>Pauses the test executed for the given time.</doc>
<arguments>
<arg>1s</arg>
</arguments>
<msg timestamp="20210822 23:32:05.433" level="INFO">Slept 1 second</msg>
<status status="PASS" starttime="20210822 23:32:04.416" endtime="20210822 23:32:05.433"></status>
</kw>
<kw name="Run Keyword And Ignore Error" library="BuiltIn">
<doc>Runs the given keyword with the given arguments and ignores possible error.</doc>
<arguments>
<arg>Execute JavaScript</arg>
<arg>return ${shadowDOMPath}</arg>
</arguments>
<assign>
<var>${pass_fail}</var>
<var>${shadowElem}</var>
</assign>
<kw name="Execute Javascript" library="Selenium2Library">
[...]
<arguments>
<arg>'${shadowElem}'!='None'</arg>
</arguments>
<msg timestamp="20210822 23:32:09.771" level="INFO">Exiting for loop altogether.</msg>
<status status="PASS" starttime="20210822 23:32:09.771" endtime="20210822 23:32:09.772"></status>
</kw>
<status status="PASS" starttime="20210822 23:32:09.771" endtime="20210822 23:32:09.772"></status>
</kw>
<status status="PASS" starttime="20210822 23:32:08.755" endtime="20210822 23:32:09.772"></status>
</kw>
<kw name="Sleep" library="BuiltIn">
<doc>Pauses the test executed for the given time.</doc>
<arguments>
<arg>1s</arg>
</arguments>
<msg timestamp="20210822 23:32:10.774" level="INFO">Slept 1 second</msg>
<status status="PASS" starttime="20210822 23:32:09.772" endtime="20210822 23:32:10.774"></status>
</kw>
<kw name="Scroll Element Into View" library="Selenium2Library">
<doc>Scrolls the element identified by ``locator`` into view.</doc>
<arguments>
<arg>${shadowElem}</arg>
</arguments>
<status status="PASS" starttime="20210822 23:32:10.774" endtime="20210822 23:32:11.061"></status>
</kw>
<msg timestamp="20210822 23:32:11.062" level="INFO">${shadowElem} = &lt;selenium.webdriver.remote.webelement.WebElement (session="b82bdb97dd84179beff38e9dc63472ac", element="a8f4ba88-42b1-4661-b24b-b56d3dc902b0")&gt;</msg>
<status status="PASS" starttime="20210822 23:32:08.746" endtime="20210822 23:32:11.062"></status>
</kw>
<kw name="Get Text" library="Selenium2Library">
<doc>Returns the text value of the element identified by ``locator``.</doc>
<arguments>
<arg>${shadowElem}</arg>
</arguments>
<assign>
<var>${errorMsg}</var>
</assign>
<msg timestamp="20210822 23:32:11.075" level="INFO">${errorMsg} = Please enter the credit card verification number. For assistance in locating this number, please call Customer Service at 1.888.779.5176.</msg>
<status status="PASS" starttime="20210822 23:32:11.063" endtime="20210822 23:32:11.075"></status>
</kw>
<kw name="Should Contain" library="BuiltIn">
<doc>Fails if ``container`` does not contain ``item`` one or more times.</doc>
<arguments>
<arg>${errorMsg}</arg>
<arg>Please enter the credit card verification number. For assistance in locating this number, please call Customer Service at 1.888.779.5176.</arg>
</arguments>
<status status="PASS" starttime="20210822 23:32:11.076" endtime="20210822 23:32:11.076"></status>
</kw>
<kw name="Click an Element" library="PB_Keywords">
<arguments>
<arg>${checkoutCCCVN}</arg>
</arguments>
<kw name="Wait Until Element Is Visible" library="Selenium2Library">
<doc>Waits until the element ``locator`` is visible.</doc>
<arguments>
<arg>${element}</arg>
<arg>timeout=${WEB_TIMEOUT}</arg>
</arguments>
<status status="PASS" starttime="20210822 23:32:11.077" endtime="20210822 23:32:11.096"></status>
</kw>
<kw name="Wait Until Element Is Enabled" library="Selenium2Library">
<doc>Waits until the element ``locator`` is enabled.</doc>
<arguments>
<arg>${element}</arg>
<arg>timeout=${WEB_TIMEOUT}</arg>
</arguments>
<status status="PASS" starttime="20210822 23:32:11.096" endtime="20210822 23:32:11.118"></status>
</kw>
<kw name="Click Element" library="Selenium2Library">
<doc>Click the element identified by ``locator``.</doc>
<arguments>
<arg>${element}</arg>
</arguments>
<msg timestamp="20210822 23:32:11.118" level="INFO">Clicking element '//*[@id="cvn"]'.</msg>
<status status="PASS" starttime="20210822 23:32:11.118" endtime="20210822 23:32:11.185"></status>
</kw>
<status status="PASS" starttime="20210822 23:32:11.077" endtime="20210822 23:32:11.186"></status>
</kw>
<kw name="Input Text Into Field" library="PB_Keywords">
<arguments>
<arg>${checkoutCCCVN}</arg>
<arg>213</arg>
</arguments>
<kw name="Wait Until Element Is Visible" library="Selenium2Library">
<doc>Waits until the element ``locator`` is visible.</doc>
<arguments>
<arg>${element}</arg>
<arg>timeout=${WEB_TIMEOUT}</arg>
</arguments>
<status status="PASS" starttime="20210822 23:32:11.188" endtime="20210822 23:32:11.210"></status>
</kw>
<kw name="Wait Until Element Is Enabled" library="Selenium2Library">
<doc>Waits until the element ``locator`` is enabled.</doc>
<arguments>
<arg>${element}</arg>
<arg>timeout=${WEB_TIMEOUT}</arg>
</arguments>
<status status="PASS" starttime="20210822 23:32:11.210" endtime="20210822 23:32:11.232"></status>
</kw>
<kw name="Input Text" library="Selenium2Library">
<doc>Types the given ``text`` into the text field identified by ``locator``.</doc>
<arguments>
<arg>${element}</arg>
<arg>${text}</arg>
</arguments>
<msg timestamp="20210822 23:32:11.233" level="INFO">Typing text '213' into text field '//*[@id="cvn"]'.</msg>
<status status="PASS" starttime="20210822 23:32:11.232" endtime="20210822 23:32:11.345"></status>
</kw>
<status status="PASS" starttime="20210822 23:32:11.187" endtime="20210822 23:32:11.346"></status>
</kw>
<kw name="Return Shadow DOM Element" library="PB_Keywords">
<arguments>
<arg>${checkoutPlaceOrder}</arg>
</arguments>
<assign>
<var>${shadowElem}</var>
</assign>
<kw name="Run Keyword And Ignore Error" library="BuiltIn">
<doc>Runs the given keyword with the given arguments and ignores possible error.</doc>
<arguments>
<arg>Execute JavaScript</arg>
<arg>return ${shadowDOMPath}</arg>
</arguments>
<assign>
<var>${pass_fail}</var>
<var>${shadowElem}</var>
</assign>
<kw name="Execute Javascript" library="Selenium2Library">
<doc>Executes the given JavaScript code with possible arguments.</doc>
<arguments>
<arg>return ${shadowDOMPath}</arg>
</arguments>
<msg timestamp="20210822 23:32:11.349" level="INFO">Executing JavaScript:
return document.querySelector('checkout-app').shadowRoot.querySelector('payment-region').shadowRoot.querySelector('place-order-view').shadowRoot.querySelector('button-ui');
Without any arguments.</msg>
<status status="PASS" starttime="20210822 23:32:11.348" endtime="20210822 23:32:11.355"></status>
</kw>
<msg timestamp="20210822 23:32:11.355" level="INFO">${pass_fail} = PASS</msg>
<msg timestamp="20210822 23:32:11.355" level="INFO">${shadowElem} = &lt;selenium.webdriver.remote.webelement.WebElement (session="b82bdb97dd84179beff38e9dc63472ac", element="1efcabae-c83f-4b63-96a9-0d9179f99378")&gt;</msg>
<status status="PASS" starttime="20210822 23:32:11.348" endtime="20210822 23:32:11.355"></status>
</kw>
<kw name="${count} IN RANGE [ 0 | ${WEB_TIMEOUT} ]" type="for">
<kw name="${count} = 0" type="foritem">
<kw name="Exit For Loop If" library="BuiltIn">
<doc>Stops executing the enclosing for loop if the ``condition`` is true.</doc>
<arguments>
<arg>'${shadowElem}'!='None'</arg>
</arguments>
<msg timestamp="20210822 23:32:11.356" level="INFO">Exiting for loop altogether.</msg>
<status status="PASS" starttime="20210822 23:32:11.355" endtime="20210822 23:32:11.356"></status>
</kw>
<status status="PASS" starttime="20210822 23:32:11.355" endtime="20210822 23:32:11.356"></status>
</kw>
<status status="PASS" starttime="20210822 23:32:11.355" endtime="20210822 23:32:11.356"></status>
</kw>
<kw name="Sleep" library="BuiltIn">
<doc>Pauses the test executed for the given time.</doc>
<arguments>
<arg>1s</arg>
</arguments>
<msg timestamp="20210822 23:32:12.369" level="INFO">Slept 1 second</msg>
<status status="PASS" starttime="20210822 23:32:11.356" endtime="20210822 23:32:12.369"></status>
</kw>
<kw name="Scroll Element Into View" library="Selenium2Library">
<doc>Scrolls the element identified by ``locator`` into view.</doc>
<arguments>
<arg>${shadowElem}</arg>
</arguments>
<status status="PASS" starttime="20210822 23:32:12.370" endtime="20210822 23:32:12.635"></status>
</kw>
<msg timestamp="20210822 23:32:12.635" level="INFO">${shadowElem} = &lt;selenium.webdriver.remote.webelement.WebElement (session="b82bdb97dd84179beff38e9dc63472ac", element="1efcabae-c83f-4b63-96a9-0d9179f99378")&gt;</msg>
<status status="PASS" starttime="20210822 23:32:11.347" endtime="20210822 23:32:12.635"></status>
</kw>
<kw name="Click an Element" library="PB_Keywords">
<arguments>
<arg>${shadowElem}</arg>
</arguments>
<kw name="Wait Until Element Is Visible" library="Selenium2Library">
<doc>Waits until the element ``locator`` is visible.</doc>
<arguments>
<arg>${element}</arg>
<arg>timeout=${WEB_TIMEOUT}</arg>
</arguments>
<status status="PASS" starttime="20210822 23:32:12.638" endtime="20210822 23:32:12.649"></status>
</kw>
<kw name="Wait Until Element Is Enabled" library="Selenium2Library">
<doc>Waits until the element ``locator`` is enabled.</doc>
<arguments>
<arg>${element}</arg>
<arg>timeout=${WEB_TIMEOUT}</arg>
</arguments>
<status status="PASS" starttime="20210822 23:32:12.649" endtime="20210822 23:32:12.663"></status>
</kw>
<kw name="Click Element" library="Selenium2Library">
<doc>Click the element identified by ``locator``.</doc>
<arguments>
<arg>${element}</arg>
</arguments>
<msg timestamp="20210822 23:32:12.664" level="INFO">Clicking element '&lt;selenium.webdriver.remote.webelement.WebElement (session="b82bdb97dd84179beff38e9dc63472ac", element="1efcabae-c83f-4b63-96a9-0d9179f99378")&gt;'.</msg>
<status status="PASS" starttime="20210822 23:32:12.664" endtime="20210822 23:32:12.754"></status>
</kw>
<status status="PASS" starttime="20210822 23:32:12.637" endtime="20210822 23:32:12.754"></status>
</kw>
<kw name="Return Shadow DOM Element" library="PB_Keywords">
<arguments>
<arg>${checkoutErr}</arg>
</arguments>
<assign>
<var>${shadowElem}</var>
</assign>
<kw name="Run Keyword And Ignore Error" library="BuiltIn">
<doc>Runs the given keyword with the given arguments and ignores possible error.</doc>
<arguments>
<arg>Execute JavaScript</arg>
<arg>return ${shadowDOMPath}</arg>
</arguments>
<assign>
<var>${pass_fail}</var>
<var>${shadowElem}</var>
</assign>
<kw name="Execute Javascript" library="Selenium2Library">
<doc>Executes the given JavaScript code with possible arguments.</doc>
<arguments>
<arg>return ${shadowDOMPath}</arg>
</arguments>
<msg timestamp="20210822 23:32:12.756" level="INFO">Executing JavaScript:
return document.querySelector('checkout-app').shadowRoot.querySelector('payment-region').shadowRoot.querySelector('credit-card-view').shadowRoot.querySelector('credit-card-payment-feature').shadowRoot.querySelector('error-message-ui');
Without any arguments.</msg>
<status status="PASS" starttime="20210822 23:32:12.756" endtime="20210822 23:32:12.761"></status>
</kw>
<msg timestamp="20210822 23:32:12.761" level="INFO">${pass_fail} = PASS</msg>
<msg timestamp="20210822 23:32:12.761" level="INFO">${shadowElem} = None</msg>
<status status="PASS" starttime="20210822 23:32:12.756" endtime="20210822 23:32:12.761"></status>
</kw>
<kw name="${count} IN RANGE [ 0 | ${WEB_TIMEOUT} ]" type="for">
<kw name="${count} = 0" type="foritem">
<kw name="Exit For Loop If" library="BuiltIn">
<doc>Stops executing the enclosing for loop if the ``condition`` is true.</doc>
<arguments>
<arg>'${shadowElem}'!='None'</arg>
</arguments>
<status status="PASS" starttime="20210822 23:32:12.762" endtime="20210822 23:32:12.762"></status>
</kw>
<kw name="Sleep" library="BuiltIn">
<doc>Pauses the test executed for the given time.</doc>
<arguments>
<arg>1s</arg>
</arguments>
<msg timestamp="20210822 23:32:13.774" level="INFO">Slept 1 second</msg>
<status status="PASS" starttime="20210822 23:32:12.763" endtime="20210822 23:32:13.774"></status>
</kw>
<kw name="Run Keyword And Ignore Error" library="BuiltIn">
<doc>Runs the given keyword with the given arguments and ignores possible error.</doc>
<arguments>
<arg>Execute JavaScript</arg>
<arg>return ${shadowDOMPath}</arg>
</arguments>
<assign>
<var>${pass_fail}</var>
<var>${shadowElem}</var>
</assign>
<kw name="Execute Javascript" library="Selenium2Library">
<doc>Executes the given JavaScript code with possible arguments.</doc>
<arguments>
<arg>return ${shadowDOMPath}</arg>
</arguments>
<msg timestamp="20210822 23:32:13.776" level="INFO">Executing JavaScript:
return document.querySelector('checkout-app').shadowRoot.querySelector('payment-region').shadowRoot.querySelector('credit-card-view').shadowRoot.querySelector('credit-card-payment-feature').shadowRoot.querySelector('error-message-ui');
Without any arguments.</msg>
<status status="PASS" starttime="20210822 23:32:13.775" endtime="20210822 23:32:13.782"></status>
</kw>
<msg timestamp="20210822 23:32:13.782" level="INFO">${pass_fail} = PASS</msg>
<msg timestamp="20210822 23:32:13.782" level="INFO">${shadowElem} = None</msg>
<status status="PASS" starttime="20210822 23:32:13.775" endtime="20210822 23:32:13.782"></status>
</kw>
<status status="PASS" starttime="20210822 23:32:12.762" endtime="20210822 23:32:13.782"></status>
</kw>
<kw name="${count} = 1" type="foritem">
<kw name="Exit For Loop If" library="BuiltIn">
<doc>Stops executing the enclosing for loop if the ``condition`` is true.</doc>
<arguments>
<arg>'${shadowElem}'!='None'</arg>
</arguments>
<status status="PASS" starttime="20210822 23:32:13.783" endtime="20210822 23:32:13.783"></status>
</kw>
<kw name="Sleep" library="BuiltIn">
<doc>Pauses the test executed for the given time.</doc>
<arguments>
<arg>1s</arg>
</arguments>
<msg timestamp="20210822 23:32:14.784" level="INFO">Slept 1 second</msg>
<status status="PASS" starttime="20210822 23:32:13.783" endtime="20210822 23:32:14.784"></status>
</kw>
<kw name="Run Keyword And Ignore Error" library="BuiltIn">
<doc>Runs the given keyword with the given arguments and ignores possible error.</doc>
<arguments>
<arg>Execute JavaScript</arg>
<arg>return ${shadowDOMPath}</arg>
</arguments>
<assign>
<var>${pass_fail}</var>
<var>${shadowElem}</var>
</assign>
<kw name="Execute Javascript" library="Selenium2Library">
<doc>Executes the given JavaScript code with possible arguments.</doc>
<arguments>
<arg>return ${shadowDOMPath}</arg>
</arguments>
<msg timestamp="20210822 23:32:14.785" level="INFO">Executing JavaScript:
return document.querySelector('checkout-app').shadowRoot.querySelector('payment-region').shadowRoot.querySelector('credit-card-view').shadowRoot.querySelector('credit-card-payment-feature').shadowRoot.querySelector('error-message-ui');
Without any arguments.</msg>
<status status="PASS" starttime="20210822 23:32:14.785" endtime="20210822 23:32:14.791"></status>
</kw>
<msg timestamp="20210822 23:32:14.791" level="INFO">${pass_fail} = PASS</msg>
<msg timestamp="20210822 23:32:14.791" level="INFO">${shadowElem} = None</msg>
<status status="PASS" starttime="20210822 23:32:14.785" endtime="20210822 23:32:14.791"></status>
</kw>
<status status="PASS" starttime="20210822 23:32:13.782" endtime="20210822 23:32:14.791"></status>
</kw>
<kw name="${count} = 2" type="foritem">
<kw name="Exit For Loop If" library="BuiltIn">
<doc>Stops executing the enclosing for loop if the ``condition`` is true.</doc>
<arguments>
<arg>'${shadowElem}'!='None'</arg>
</arguments>
<status status="PASS" starttime="20210822 23:32:14.791" endtime="20210822 23:32:14.791"></status>
</kw>
<kw name="Sleep" library="BuiltIn">
<doc>Pauses the test executed for the given time.</doc>
<arguments>
<arg>1s</arg>
</arguments>
<msg timestamp="20210822 23:32:15.796" level="INFO">Slept 1 second</msg>
<status status="PASS" starttime="20210822 23:32:14.791" endtime="20210822 23:32:15.796"></status>
</kw>
<kw name="Run Keyword And Ignore Error" library="BuiltIn">
<doc>Runs the given keyword with the given arguments and ignores possible error.</doc>
<arguments>
<arg>Execute JavaScript</arg>
<arg>return ${shadowDOMPath}</arg>
</arguments>
<assign>
<var>${pass_fail}</var>
<var>${shadowElem}</var>
</assign>
<kw name="Execute Javascript" library="Selenium2Library">
<doc>Executes the given JavaScript code with possible arguments.</doc>
<arguments>
<arg>return ${shadowDOMPath}</arg>
</arguments>
<msg timestamp="20210822 23:32:15.797" level="INFO">Executing JavaScript:
return document.querySelector('checkout-app').shadowRoot.querySelector('payment-region').shadowRoot.querySelector('credit-card-view').shadowRoot.querySelector('credit-card-payment-feature').shadowRoot.querySelector('error-message-ui');
Without any arguments.</msg>
<status status="PASS" starttime="20210822 23:32:15.797" endtime="20210822 23:32:15.803"></status>
</kw>
<msg timestamp="20210822 23:32:15.803" level="INFO">${pass_fail} = PASS</msg>
<msg timestamp="20210822 23:32:15.803" level="INFO">${shadowElem} = &lt;selenium.webdriver.remote.webelement.WebElement (session="b82bdb97dd84179beff38e9dc63472ac", element="d8f265f1-b8e4-4b93-9d88-fc2511f90ada")&gt;</msg>
<status status="PASS" starttime="20210822 23:32:15.796" endtime="20210822 23:32:15.803"></status>
</kw>
<status status="PASS" starttime="20210822 23:32:14.791" endtime="20210822 23:32:15.803"></status>
</kw>
<kw name="${count} = 3" type="foritem">
<kw name="Exit For Loop If" library="BuiltIn">
<doc>Stops executing the enclosing for loop if the ``condition`` is true.</doc>
<arguments>
<arg>'${shadowElem}'!='None'</arg>
</arguments>
<msg timestamp="20210822 23:32:15.803" level="INFO">Exiting for loop altogether.</msg>
<status status="PASS" starttime="20210822 23:32:15.803" endtime="20210822 23:32:15.803"></status>
</kw>
<status status="PASS" starttime="20210822 23:32:15.803" endtime="20210822 23:32:15.804"></status>
</kw>
<status status="PASS" starttime="20210822 23:32:12.761" endtime="20210822 23:32:15.804"></status>
</kw>
<kw name="Sleep" library="BuiltIn">
<doc>Pauses the test executed for the given time.</doc>
<arguments>
<arg>1s</arg>
</arguments>
<msg timestamp="20210822 23:32:16.810" level="INFO">Slept 1 second</msg>
<status status="PASS" starttime="20210822 23:32:15.804" endtime="20210822 23:32:16.810"></status>
</kw>
<kw name="Scroll Element Into View" library="Selenium2Library">
<doc>Scrolls the element identified by ``locator`` into view.</doc>
<arguments>
<arg>${shadowElem}</arg>
</arguments>
<status status="PASS" starttime="20210822 23:32:16.811" endtime="20210822 23:32:17.092"></status>
</kw>
<msg timestamp="20210822 23:32:17.092" level="INFO">${shadowElem} = &lt;selenium.webdriver.remote.webelement.WebElement (session="b82bdb97dd84179beff38e9dc63472ac", element="d8f265f1-b8e4-4b93-9d88-fc2511f90ada")&gt;</msg>
<status status="PASS" starttime="20210822 23:32:12.755" endtime="20210822 23:32:17.092"></status>
</kw>
<kw name="Get Text" library="Selenium2Library">
<doc>Returns the text value of the element identified by ``locator``.</doc>
<arguments>
<arg>${shadowElem}</arg>
</arguments>
<assign>
<var>${errorMsg}</var>
</assign>
<msg timestamp="20210822 23:32:17.107" level="INFO">${errorMsg} = Please confirm your payment and billing information. For further assistance, you can call 1.888.779.5176. If having trouble using a Key Rewards Credit Card, you may need to activate your card by calli...</msg>
<status status="PASS" starttime="20210822 23:32:17.094" endtime="20210822 23:32:17.107"></status>
</kw>
<kw name="Should Contain" library="BuiltIn">
<doc>Fails if ``container`` does not contain ``item`` one or more times.</doc>
<arguments>
<arg>${errorMsg}</arg>
<arg>Please confirm your payment and billing information. For further assistance, you can call 1.888.779.5176. If having trouble using a Key Rewards Credit Card, you may need to activate your card by calling Capital One at 844.217.6926.</arg>
</arguments>
<status status="PASS" starttime="20210822 23:32:17.108" endtime="20210822 23:32:17.108"></status>
</kw>
<status status="PASS" starttime="20210822 23:31:04.804" endtime="20210822 23:32:17.109" critical="yes"></status>
</test>
<kw name="Close All Browsers" library="Selenium2Library" type="teardown">
<doc>Closes all open browsers and resets the browser cache.</doc>
<status status="PASS" starttime="20210822 23:32:17.111" endtime="20210822 23:32:19.606"></status>
</kw>
<doc>Pottery Barn Sanity Test Suite</doc>
<status status="PASS" starttime="20210822 23:31:03.549" endtime="20210822 23:32:19.606"></status>
</suite>
<statistics>
<total>
<stat pass="1" fail="0">Critical Tests</stat>
<stat pass="1" fail="0">All Tests</stat>
</total>
<tag>
</tag>
<suite>
<stat pass="1" fail="0" id="s1" name="PotteryBarn Sanity">PotteryBarn Sanity</stat>
</suite>
</statistics>
<errors>
</errors>
</robot>
